#! /usr/bin/vvp
:ivl_version "0.9.5 " "(v0_9_5)";
:vpi_time_precision - 12;
:vpi_module "system";
:vpi_module "v2005_math";
:vpi_module "va_math";
S_0x1e9a7170 .scope module, "test" "test" 2 3;
 .timescale -12 -12;
v0x1ea39610_0 .var "clk", 0 0;
v0x1ea39690_0 .net "led", 11 0, v0x1ea2eb50_0; 1 drivers
v0x1ea39760_0 .var "pb", 4 0;
v0x1ea39830_0 .var "rst_n", 0 0;
S_0x1e9d25d0 .scope module, "top_inst" "top" 2 10, 3 3, S_0x1e9a7170;
 .timescale -12 -12;
v0x1ea378c0_0 .net *"_s0", 31 0, L_0x1ea3c140; 1 drivers
v0x1ea37940_0 .net *"_s3", 23 0, C4<000000000000000000000000>; 1 drivers
v0x1ea379c0_0 .net *"_s4", 31 0, C4<00000000000000000000000000000001>; 1 drivers
v0x1ea37a40_0 .net *"_s6", 31 0, L_0x1ea3c2d0; 1 drivers
v0x1ea37af0_0 .net "alu_in0", 7 0, v0x1ea37730_0; 1 drivers
v0x1ea37b70_0 .net "alu_in1", 7 0, v0x1ea37350_0; 1 drivers
v0x1ea37c40_0 .net "alu_op", 3 0, v0x1e96e7f0_0; 1 drivers
v0x1ea37d10_0 .net "alu_out", 7 0, v0x1ea34710_0; 1 drivers
v0x1ea37de0_0 .net "clk", 0 0, v0x1ea39610_0; 1 drivers
v0x1ea37e60_0 .net "dec_data", 7 0, v0x1ea2cd80_0; 1 drivers
v0x1ea37f40_0 .net "dst", 3 0, v0x1ea2ce20_0; 1 drivers
v0x1ea38010_0 .net "jmp", 0 0, v0x1ea2cec0_0; 1 drivers
v0x1ea38100_0 .alias "led", 11 0, v0x1ea39690_0;
v0x1ea38180_0 .net "link", 0 0, v0x1ea2cf70_0; 1 drivers
v0x1ea38280_0 .net "load", 0 0, v0x1ea2d010_0; 1 drivers
v0x1ea38350_0 .net "mem_io", 0 0, v0x1ea360e0_0; 1 drivers
v0x1ea38460_0 .net "mem_io_out", 7 0, v0x1ea36440_0; 1 drivers
v0x1ea38530_0 .net "mem_out", 7 0, L_0x1ea3a170; 1 drivers
v0x1ea38650_0 .net "mem_we", 0 0, v0x1ea2d0f0_0; 1 drivers
v0x1ea386d0_0 .net "op", 15 0, v0x1ea2e2f0_0; 1 drivers
v0x1ea38800_0 .net "pb", 4 0, v0x1ea39760_0; 1 drivers
v0x1ea38880_0 .net "pb_out", 7 0, L_0x1ea3bfb0; 1 drivers
v0x1ea38750_0 .net "pc_in", 7 0, v0x1ea36fa0_0; 1 drivers
v0x1ea38a10_0 .net "pc_next", 7 0, L_0x1ea3c4a0; 1 drivers
v0x1ea38900_0 .net "pc_out", 7 0, v0x1ea2e680_0; 1 drivers
v0x1ea38bb0_0 .net "reg0", 0 0, v0x1ea2d280_0; 1 drivers
v0x1ea38ae0_0 .net "reg1", 0 0, v0x1ea2d320_0; 1 drivers
v0x1ea38d60_0 .net "reg_data", 7 0, v0x1ea36bc0_0; 1 drivers
v0x1ea38c80_0 .net "reg_data0", 7 0, L_0x1ea39950; 1 drivers
v0x1ea38f60_0 .net "reg_data1", 7 0, L_0x1ea39aa0; 1 drivers
v0x1ea38de0_0 .net "reg_in", 7 0, v0x1ea367f0_0; 1 drivers
v0x1ea390e0_0 .net "reg_we", 0 0, v0x1ea2d420_0; 1 drivers
v0x1ea39030_0 .net "rst_n", 0 0, v0x1ea39830_0; 1 drivers
v0x1ea39270_0 .net "src0", 3 0, v0x1ea2d4c0_0; 1 drivers
v0x1ea391b0_0 .net "src1", 3 0, v0x1ea2d5b0_0; 1 drivers
v0x1ea39460_0 .net "zf", 0 0, v0x1ea347c0_0; 1 drivers
v0x1ea39340_0 .net "zf_out", 0 0, v0x1ea2da00_0; 1 drivers
L_0x1ea3c140 .concat [ 8 24 0 0], v0x1ea2e680_0, C4<000000000000000000000000>;
L_0x1ea3c2d0 .arith/sum 32, L_0x1ea3c140, C4<00000000000000000000000000000001>;
L_0x1ea3c4a0 .part L_0x1ea3c2d0, 0, 8;
S_0x1ea374e0 .scope module, "sel_reg0" "sel" 3 59, 4 3, S_0x1e9d25d0;
 .timescale -12 -12;
v0x1ea37600_0 .alias "in0", 7 0, v0x1ea37e60_0;
v0x1ea376b0_0 .alias "in1", 7 0, v0x1ea38c80_0;
v0x1ea37730_0 .var "out", 7 0;
v0x1ea377e0_0 .alias "sel", 0 0, v0x1ea38bb0_0;
E_0x1ea375d0 .event edge, v0x1ea2d280_0, v0x1ea2cd80_0, v0x1ea2ead0_0;
S_0x1ea37130 .scope module, "sel_reg1" "sel" 3 67, 4 3, S_0x1e9d25d0;
 .timescale -12 -12;
v0x1ea37250_0 .alias "in0", 7 0, v0x1ea38a10_0;
v0x1ea372d0_0 .alias "in1", 7 0, v0x1ea38f60_0;
v0x1ea37350_0 .var "out", 7 0;
v0x1ea37400_0 .alias "sel", 0 0, v0x1ea38ae0_0;
E_0x1ea37220 .event edge, v0x1ea2d320_0, v0x1ea36b40_0, v0x1ea34c60_0;
S_0x1ea36d50 .scope module, "sel_jmp" "sel" 3 75, 4 3, S_0x1e9d25d0;
 .timescale -12 -12;
v0x1ea36e70_0 .alias "in0", 7 0, v0x1ea38a10_0;
v0x1ea36f20_0 .alias "in1", 7 0, v0x1ea37d10_0;
v0x1ea36fa0_0 .var "out", 7 0;
v0x1ea37050_0 .alias "sel", 0 0, v0x1ea38010_0;
E_0x1ea36e40 .event edge, v0x1ea2cec0_0, v0x1ea36b40_0, v0x1ea2e900_0;
S_0x1ea36950 .scope module, "sel_link" "sel" 3 83, 4 3, S_0x1e9d25d0;
 .timescale -12 -12;
v0x1ea36a70_0 .alias "in0", 7 0, v0x1ea38de0_0;
v0x1ea36b40_0 .alias "in1", 7 0, v0x1ea38a10_0;
v0x1ea36bc0_0 .var "out", 7 0;
v0x1ea36c70_0 .alias "sel", 0 0, v0x1ea38180_0;
E_0x1ea36a40 .event edge, v0x1ea2cf70_0, v0x1ea367f0_0, v0x1ea36b40_0;
S_0x1ea365a0 .scope module, "sel_load" "sel" 3 91, 4 3, S_0x1e9d25d0;
 .timescale -12 -12;
v0x1ea366c0_0 .alias "in0", 7 0, v0x1ea37d10_0;
v0x1ea36740_0 .alias "in1", 7 0, v0x1ea38460_0;
v0x1ea367f0_0 .var "out", 7 0;
v0x1ea36870_0 .alias "sel", 0 0, v0x1ea38280_0;
E_0x1ea36690 .event edge, v0x1ea2d010_0, v0x1ea2e900_0, v0x1ea36440_0;
S_0x1ea36160 .scope module, "sel_mem" "sel" 3 99, 4 3, S_0x1e9d25d0;
 .timescale -12 -12;
v0x1ea362c0_0 .alias "in0", 7 0, v0x1ea38530_0;
v0x1ea36390_0 .alias "in1", 7 0, v0x1ea38880_0;
v0x1ea36440_0 .var "out", 7 0;
v0x1ea364c0_0 .alias "sel", 0 0, v0x1ea38350_0;
E_0x1ea36250 .event edge, v0x1ea360e0_0, v0x1ea339d0_0, v0x1ea2f490_0;
S_0x1ea35f60 .scope module, "adec_inst" "adec" 3 108, 5 3, S_0x1e9d25d0;
 .timescale -12 -12;
v0x1ea35d70_0 .alias "addr", 7 0, v0x1ea37d10_0;
v0x1ea360e0_0 .var "mem_io", 0 0;
E_0x1ea35d40 .event edge, v0x1ea2e900_0;
S_0x1ea34870 .scope module, "register_inst" "register" 3 115, 6 3, S_0x1e9d25d0;
 .timescale -12 -12;
L_0x1ea39950 .functor BUFZ 8, L_0x1ea398b0, C4<00000000>, C4<00000000>, C4<00000000>;
L_0x1ea39aa0 .functor BUFZ 8, L_0x1ea39a00, C4<00000000>, C4<00000000>, C4<00000000>;
v0x1ea34960_0 .net *"_s0", 7 0, L_0x1ea398b0; 1 drivers
v0x1ea349e0_0 .net *"_s4", 7 0, L_0x1ea39a00; 1 drivers
v0x1ea34a60_0 .alias "clk", 0 0, v0x1ea37de0_0;
v0x1ea34ae0_0 .alias "data", 7 0, v0x1ea38d60_0;
v0x1ea34b90_0 .alias "data0", 7 0, v0x1ea38c80_0;
v0x1ea34c60_0 .alias "data1", 7 0, v0x1ea38f60_0;
v0x1ea35920_0 .array/port v0x1ea35920, 0;
v0x1ea34d40_0 .net "debug_reg0", 7 0, v0x1ea35920_0; 1 drivers
v0x1ea35920_1 .array/port v0x1ea35920, 1;
v0x1ea34de0_0 .net "debug_reg1", 7 0, v0x1ea35920_1; 1 drivers
v0x1ea35920_10 .array/port v0x1ea35920, 10;
v0x1ea34ed0_0 .net "debug_reg10", 7 0, v0x1ea35920_10; 1 drivers
v0x1ea35920_11 .array/port v0x1ea35920, 11;
v0x1ea34f70_0 .net "debug_reg11", 7 0, v0x1ea35920_11; 1 drivers
v0x1ea35920_12 .array/port v0x1ea35920, 12;
v0x1ea35070_0 .net "debug_reg12", 7 0, v0x1ea35920_12; 1 drivers
v0x1ea35920_13 .array/port v0x1ea35920, 13;
v0x1ea35110_0 .net "debug_reg13", 7 0, v0x1ea35920_13; 1 drivers
v0x1ea35920_14 .array/port v0x1ea35920, 14;
v0x1ea35200_0 .net "debug_reg14", 7 0, v0x1ea35920_14; 1 drivers
v0x1ea35920_15 .array/port v0x1ea35920, 15;
v0x1ea35280_0 .net "debug_reg15", 7 0, v0x1ea35920_15; 1 drivers
v0x1ea35920_2 .array/port v0x1ea35920, 2;
v0x1ea35380_0 .net "debug_reg2", 7 0, v0x1ea35920_2; 1 drivers
v0x1ea35920_3 .array/port v0x1ea35920, 3;
v0x1ea35400_0 .net "debug_reg3", 7 0, v0x1ea35920_3; 1 drivers
v0x1ea35920_4 .array/port v0x1ea35920, 4;
v0x1ea35300_0 .net "debug_reg4", 7 0, v0x1ea35920_4; 1 drivers
v0x1ea35920_5 .array/port v0x1ea35920, 5;
v0x1ea35510_0 .net "debug_reg5", 7 0, v0x1ea35920_5; 1 drivers
v0x1ea35920_6 .array/port v0x1ea35920, 6;
v0x1ea35630_0 .net "debug_reg6", 7 0, v0x1ea35920_6; 1 drivers
v0x1ea35920_7 .array/port v0x1ea35920, 7;
v0x1ea356b0_0 .net "debug_reg7", 7 0, v0x1ea35920_7; 1 drivers
v0x1ea35920_8 .array/port v0x1ea35920, 8;
v0x1ea35590_0 .net "debug_reg8", 7 0, v0x1ea35920_8; 1 drivers
v0x1ea35920_9 .array/port v0x1ea35920, 9;
v0x1ea357e0_0 .net "debug_reg9", 7 0, v0x1ea35920_9; 1 drivers
v0x1ea35730_0 .alias "dst", 3 0, v0x1ea37f40_0;
v0x1ea35920 .array "regis", 0 15, 7 0;
v0x1ea35c10_0 .alias "rst_n", 0 0, v0x1ea39030_0;
v0x1ea35c90_0 .alias "src0", 3 0, v0x1ea39270_0;
v0x1ea359a0_0 .alias "src1", 3 0, v0x1ea391b0_0;
v0x1ea35df0_0 .alias "we", 0 0, v0x1ea390e0_0;
L_0x1ea398b0 .array/port v0x1ea35920, v0x1ea2d4c0_0;
L_0x1ea39a00 .array/port v0x1ea35920, v0x1ea2d5b0_0;
S_0x1ea33a50 .scope module, "alu_inst" "alu" 3 129, 7 3, S_0x1e9d25d0;
 .timescale -12 -12;
P_0x1ea33d88 .param/l "ADD" 8 3, C4<0010>;
P_0x1ea33db0 .param/l "ADDI" 8 6, C4<0101>;
P_0x1ea33dd8 .param/l "AND" 8 1, C4<0000>;
P_0x1ea33e00 .param/l "CMP" 8 5, C4<0100>;
P_0x1ea33e28 .param/l "CMPI" 8 8, C4<0111>;
P_0x1ea33e50 .param/l "JMP" 8 11, C4<1010>;
P_0x1ea33e78 .param/l "JMPR" 8 12, C4<1011>;
P_0x1ea33ea0 .param/l "JNZ" 8 13, C4<1100>;
P_0x1ea33ec8 .param/l "LI" 8 14, C4<1101>;
P_0x1ea33ef0 .param/l "LOAD" 8 9, C4<1000>;
P_0x1ea33f18 .param/l "OR" 8 2, C4<0001>;
P_0x1ea33f40 .param/l "STORE" 8 10, C4<1001>;
P_0x1ea33f68 .param/l "SUB" 8 4, C4<0011>;
P_0x1ea33f90 .param/l "SUBI" 8 7, C4<0110>;
v0x1ea34500_0 .alias "in0", 7 0, v0x1ea37af0_0;
v0x1ea345c0_0 .alias "in1", 7 0, v0x1ea37b70_0;
v0x1ea34660_0 .alias "op", 3 0, v0x1ea37c40_0;
v0x1ea34710_0 .var "out", 7 0;
v0x1ea347c0_0 .var "zf", 0 0;
E_0x1ea344a0 .event edge, v0x1e96e7f0_0, v0x1ea34500_0, v0x1ea345c0_0, v0x1ea2e900_0;
S_0x1ea2f7a0 .scope module, "memory_inst" "memory" 3 139, 9 3, S_0x1e9d25d0;
 .timescale -12 -12;
L_0x1ea3a170 .functor BUFZ 8, L_0x1ea3a300, C4<00000000>, C4<00000000>, C4<00000000>;
v0x1ea2f890_0 .net *"_s0", 7 0, L_0x1ea3a300; 1 drivers
v0x1ea2f910_0 .alias "addr", 7 0, v0x1ea37d10_0;
v0x1ea2f990_0 .alias "clk", 0 0, v0x1ea37de0_0;
v0x1ea31280_0 .array/port v0x1ea31280, 0;
v0x1ea2faa0_0 .net "debug_memory0", 7 0, v0x1ea31280_0; 1 drivers
v0x1ea31280_1 .array/port v0x1ea31280, 1;
v0x1ea2fb20_0 .net "debug_memory1", 7 0, v0x1ea31280_1; 1 drivers
v0x1ea31280_10 .array/port v0x1ea31280, 10;
v0x1ea2fbc0_0 .net "debug_memory10", 7 0, v0x1ea31280_10; 1 drivers
v0x1ea31280_11 .array/port v0x1ea31280, 11;
v0x1ea2fc60_0 .net "debug_memory11", 7 0, v0x1ea31280_11; 1 drivers
v0x1ea31280_12 .array/port v0x1ea31280, 12;
v0x1ea2fd00_0 .net "debug_memory12", 7 0, v0x1ea31280_12; 1 drivers
v0x1ea31280_13 .array/port v0x1ea31280, 13;
v0x1ea2fda0_0 .net "debug_memory13", 7 0, v0x1ea31280_13; 1 drivers
v0x1ea31280_14 .array/port v0x1ea31280, 14;
v0x1ea2fe40_0 .net "debug_memory14", 7 0, v0x1ea31280_14; 1 drivers
v0x1ea31280_15 .array/port v0x1ea31280, 15;
v0x1ea2ff40_0 .net "debug_memory15", 7 0, v0x1ea31280_15; 1 drivers
v0x1ea31280_16 .array/port v0x1ea31280, 16;
v0x1ea2ffe0_0 .net "debug_memory16", 7 0, v0x1ea31280_16; 1 drivers
v0x1ea31280_17 .array/port v0x1ea31280, 17;
v0x1ea300d0_0 .net "debug_memory17", 7 0, v0x1ea31280_17; 1 drivers
v0x1ea31280_18 .array/port v0x1ea31280, 18;
v0x1ea30150_0 .net "debug_memory18", 7 0, v0x1ea31280_18; 1 drivers
v0x1ea31280_19 .array/port v0x1ea31280, 19;
v0x1ea30250_0 .net "debug_memory19", 7 0, v0x1ea31280_19; 1 drivers
v0x1ea31280_2 .array/port v0x1ea31280, 2;
v0x1ea302d0_0 .net "debug_memory2", 7 0, v0x1ea31280_2; 1 drivers
v0x1ea31280_20 .array/port v0x1ea31280, 20;
v0x1ea301d0_0 .net "debug_memory20", 7 0, v0x1ea31280_20; 1 drivers
v0x1ea31280_21 .array/port v0x1ea31280, 21;
v0x1ea303e0_0 .net "debug_memory21", 7 0, v0x1ea31280_21; 1 drivers
v0x1ea31280_22 .array/port v0x1ea31280, 22;
v0x1ea30500_0 .net "debug_memory22", 7 0, v0x1ea31280_22; 1 drivers
v0x1ea31280_23 .array/port v0x1ea31280, 23;
v0x1ea30580_0 .net "debug_memory23", 7 0, v0x1ea31280_23; 1 drivers
v0x1ea31280_24 .array/port v0x1ea31280, 24;
v0x1ea30460_0 .net "debug_memory24", 7 0, v0x1ea31280_24; 1 drivers
v0x1ea31280_25 .array/port v0x1ea31280, 25;
v0x1ea306b0_0 .net "debug_memory25", 7 0, v0x1ea31280_25; 1 drivers
v0x1ea31280_26 .array/port v0x1ea31280, 26;
v0x1ea30600_0 .net "debug_memory26", 7 0, v0x1ea31280_26; 1 drivers
v0x1ea31280_27 .array/port v0x1ea31280, 27;
v0x1ea307f0_0 .net "debug_memory27", 7 0, v0x1ea31280_27; 1 drivers
v0x1ea31280_28 .array/port v0x1ea31280, 28;
v0x1ea30750_0 .net "debug_memory28", 7 0, v0x1ea31280_28; 1 drivers
v0x1ea31280_29 .array/port v0x1ea31280, 29;
v0x1ea30940_0 .net "debug_memory29", 7 0, v0x1ea31280_29; 1 drivers
v0x1ea31280_3 .array/port v0x1ea31280, 3;
v0x1ea30890_0 .net "debug_memory3", 7 0, v0x1ea31280_3; 1 drivers
v0x1ea31280_30 .array/port v0x1ea31280, 30;
v0x1ea30aa0_0 .net "debug_memory30", 7 0, v0x1ea31280_30; 1 drivers
v0x1ea31280_31 .array/port v0x1ea31280, 31;
v0x1ea309e0_0 .net "debug_memory31", 7 0, v0x1ea31280_31; 1 drivers
v0x1ea31280_32 .array/port v0x1ea31280, 32;
v0x1ea30c10_0 .net "debug_memory32", 7 0, v0x1ea31280_32; 1 drivers
v0x1ea31280_4 .array/port v0x1ea31280, 4;
v0x1ea30b20_0 .net "debug_memory4", 7 0, v0x1ea31280_4; 1 drivers
v0x1ea31280_5 .array/port v0x1ea31280, 5;
v0x1ea30d90_0 .net "debug_memory5", 7 0, v0x1ea31280_5; 1 drivers
v0x1ea31280_6 .array/port v0x1ea31280, 6;
v0x1ea30c90_0 .net "debug_memory6", 7 0, v0x1ea31280_6; 1 drivers
v0x1ea31280_7 .array/port v0x1ea31280, 7;
v0x1ea30f20_0 .net "debug_memory7", 7 0, v0x1ea31280_7; 1 drivers
v0x1ea31280_8 .array/port v0x1ea31280, 8;
v0x1ea30e10_0 .net "debug_memory8", 7 0, v0x1ea31280_8; 1 drivers
v0x1ea31280_9 .array/port v0x1ea31280, 9;
v0x1ea310c0_0 .net "debug_memory9", 7 0, v0x1ea31280_9; 1 drivers
v0x1ea30fa0_0 .var/i "i", 31 0;
v0x1ea31040_0 .alias "in", 7 0, v0x1ea38c80_0;
v0x1ea31280 .array "mem", 0 255, 7 0;
v0x1ea339d0_0 .alias "out", 7 0, v0x1ea38530_0;
v0x1ea31160_0 .alias "rst_n", 0 0, v0x1ea39030_0;
v0x1ea33ba0_0 .alias "we", 0 0, v0x1ea38650_0;
L_0x1ea3a300 .array/port v0x1ea31280, v0x1ea34710_0;
S_0x1ea2ee50 .scope module, "pb_inst" "pb" 3 150, 10 3, S_0x1e9d25d0;
 .timescale -12 -12;
v0x1ea2ef40_0 .net *"_s0", 7 0, C4<11111011>; 1 drivers
v0x1ea2efe0_0 .net *"_s2", 0 0, L_0x1ea3bb90; 1 drivers
v0x1ea2f080_0 .net *"_s4", 2 0, C4<000>; 1 drivers
v0x1ea2f120_0 .net *"_s6", 7 0, L_0x1ea3be20; 1 drivers
v0x1ea2f1a0_0 .net *"_s8", 7 0, C4<00000000>; 1 drivers
v0x1ea2f240_0 .alias "addr", 7 0, v0x1ea37d10_0;
v0x1ea2f2c0_0 .alias "clk", 0 0, v0x1ea37de0_0;
v0x1ea2f340_0 .var "cnt", 11 0;
v0x1ea2f410 .array "debounce", 0 4, 2 0;
v0x1ea2f490_0 .alias "out", 7 0, v0x1ea38880_0;
v0x1ea2f590_0 .alias "pb", 4 0, v0x1ea38800_0;
v0x1ea2f630_0 .alias "rst_n", 0 0, v0x1ea39030_0;
v0x1ea2f720_0 .var "state", 4 0;
L_0x1ea3bb90 .cmp/eq 8, v0x1ea34710_0, C4<11111011>;
L_0x1ea3be20 .concat [ 5 3 0 0], v0x1ea2f720_0, C4<000>;
L_0x1ea3bfb0 .functor MUXZ 8, C4<00000000>, L_0x1ea3be20, L_0x1ea3bb90, C4<>;
S_0x1ea2e810 .scope module, "led_inst" "led" 3 160, 11 3, S_0x1e9d25d0;
 .timescale -12 -12;
v0x1ea2e900_0 .alias "addr", 7 0, v0x1ea37d10_0;
v0x1ea2e980_0 .alias "clk", 0 0, v0x1ea37de0_0;
v0x1ea2ea50_0 .var "cnt", 13 0;
v0x1ea2ead0_0 .alias "in", 7 0, v0x1ea38c80_0;
v0x1ea2eb50_0 .var "led", 11 0;
v0x1ea2ebf0 .array "mem", 0 3, 7 0;
v0x1ea2ecb0_0 .alias "rst_n", 0 0, v0x1ea39030_0;
v0x1ea2ed80_0 .alias "we", 0 0, v0x1ea38650_0;
S_0x1ea2e440 .scope module, "pc_inst" "pc" 3 171, 12 3, S_0x1e9d25d0;
 .timescale -12 -12;
v0x1ea2e530_0 .alias "clk", 0 0, v0x1ea37de0_0;
v0x1ea2e600_0 .alias "pc_in", 7 0, v0x1ea38750_0;
v0x1ea2e680_0 .var "pc_out", 7 0;
v0x1ea2e730_0 .alias "rst_n", 0 0, v0x1ea39030_0;
S_0x1ea2dab0 .scope module, "imem_inst" "imem" 3 181, 13 3, S_0x1e9d25d0;
 .timescale -12 -12;
P_0x1ea2dba8 .param/l "ADD" 8 3, C4<0010>;
P_0x1ea2dbd0 .param/l "ADDI" 8 6, C4<0101>;
P_0x1ea2dbf8 .param/l "AND" 8 1, C4<0000>;
P_0x1ea2dc20 .param/l "CMP" 8 5, C4<0100>;
P_0x1ea2dc48 .param/l "CMPI" 8 8, C4<0111>;
P_0x1ea2dc70 .param/l "JMP" 8 11, C4<1010>;
P_0x1ea2dc98 .param/l "JMPR" 8 12, C4<1011>;
P_0x1ea2dcc0 .param/l "JNZ" 8 13, C4<1100>;
P_0x1ea2dce8 .param/l "LI" 8 14, C4<1101>;
P_0x1ea2dd10 .param/l "LOAD" 8 9, C4<1000>;
P_0x1ea2dd38 .param/l "OR" 8 2, C4<0001>;
P_0x1ea2dd60 .param/l "STORE" 8 10, C4<1001>;
P_0x1ea2dd88 .param/l "SUB" 8 4, C4<0011>;
P_0x1ea2ddb0 .param/l "SUBI" 8 7, C4<0110>;
v0x1ea2e2f0_0 .var "op", 15 0;
v0x1ea2e3c0_0 .alias "pc", 7 0, v0x1ea38900_0;
E_0x1ea2e2a0 .event edge, v0x1ea2e3c0_0;
S_0x1ea2d730 .scope module, "zf_inst" "zf" 3 188, 14 3, S_0x1e9d25d0;
 .timescale -12 -12;
v0x1ea2d820_0 .alias "clk", 0 0, v0x1ea37de0_0;
v0x1ea2d8c0_0 .alias "rst_n", 0 0, v0x1ea39030_0;
v0x1ea2d960_0 .alias "zf_in", 0 0, v0x1ea39460_0;
v0x1ea2da00_0 .var "zf_out", 0 0;
E_0x1ea2cf40 .event posedge, v0x1ea2d820_0;
S_0x1e9d70a0 .scope module, "decoder_inst" "decoder" 3 196, 15 3, S_0x1e9d25d0;
 .timescale -12 -12;
P_0x1e942008 .param/l "ADD" 8 3, C4<0010>;
P_0x1e942030 .param/l "ADDI" 8 6, C4<0101>;
P_0x1e942058 .param/l "AND" 8 1, C4<0000>;
P_0x1e942080 .param/l "CMP" 8 5, C4<0100>;
P_0x1e9420a8 .param/l "CMPI" 8 8, C4<0111>;
P_0x1e9420d0 .param/l "JMP" 8 11, C4<1010>;
P_0x1e9420f8 .param/l "JMPR" 8 12, C4<1011>;
P_0x1e942120 .param/l "JNZ" 8 13, C4<1100>;
P_0x1e942148 .param/l "LI" 8 14, C4<1101>;
P_0x1e942170 .param/l "LOAD" 8 9, C4<1000>;
P_0x1e942198 .param/l "OR" 8 2, C4<0001>;
P_0x1e9421c0 .param/l "STORE" 8 10, C4<1001>;
P_0x1e9421e8 .param/l "SUB" 8 4, C4<0011>;
P_0x1e942210 .param/l "SUBI" 8 7, C4<0110>;
v0x1e96e7f0_0 .var "alu_op", 3 0;
v0x1ea2cd80_0 .var "data", 7 0;
v0x1ea2ce20_0 .var "dst", 3 0;
v0x1ea2cec0_0 .var "jmp", 0 0;
v0x1ea2cf70_0 .var "link", 0 0;
v0x1ea2d010_0 .var "load", 0 0;
v0x1ea2d0f0_0 .var "mem_we", 0 0;
v0x1ea2d190_0 .alias "op", 15 0, v0x1ea386d0_0;
v0x1ea2d280_0 .var "reg0", 0 0;
v0x1ea2d320_0 .var "reg1", 0 0;
v0x1ea2d420_0 .var "reg_we", 0 0;
v0x1ea2d4c0_0 .var "src0", 3 0;
v0x1ea2d5b0_0 .var "src1", 3 0;
v0x1ea2d630_0 .alias "zf", 0 0, v0x1ea39340_0;
E_0x1ea0b950 .event edge, v0x1ea2d190_0, v0x1ea2d630_0;
    .scope S_0x1ea374e0;
T_0 ;
    %wait E_0x1ea375d0;
    %load/v 8, v0x1ea377e0_0, 1;
    %inv 8, 1;
    %jmp/0xz  T_0.0, 8;
    %load/v 8, v0x1ea37600_0, 8;
    %set/v v0x1ea37730_0, 8, 8;
    %jmp T_0.1;
T_0.0 ;
    %load/v 8, v0x1ea376b0_0, 8;
    %set/v v0x1ea37730_0, 8, 8;
T_0.1 ;
    %jmp T_0;
    .thread T_0, $push;
    .scope S_0x1ea37130;
T_1 ;
    %wait E_0x1ea37220;
    %load/v 8, v0x1ea37400_0, 1;
    %inv 8, 1;
    %jmp/0xz  T_1.0, 8;
    %load/v 8, v0x1ea37250_0, 8;
    %set/v v0x1ea37350_0, 8, 8;
    %jmp T_1.1;
T_1.0 ;
    %load/v 8, v0x1ea372d0_0, 8;
    %set/v v0x1ea37350_0, 8, 8;
T_1.1 ;
    %jmp T_1;
    .thread T_1, $push;
    .scope S_0x1ea36d50;
T_2 ;
    %wait E_0x1ea36e40;
    %load/v 8, v0x1ea37050_0, 1;
    %inv 8, 1;
    %jmp/0xz  T_2.0, 8;
    %load/v 8, v0x1ea36e70_0, 8;
    %set/v v0x1ea36fa0_0, 8, 8;
    %jmp T_2.1;
T_2.0 ;
    %load/v 8, v0x1ea36f20_0, 8;
    %set/v v0x1ea36fa0_0, 8, 8;
T_2.1 ;
    %jmp T_2;
    .thread T_2, $push;
    .scope S_0x1ea36950;
T_3 ;
    %wait E_0x1ea36a40;
    %load/v 8, v0x1ea36c70_0, 1;
    %inv 8, 1;
    %jmp/0xz  T_3.0, 8;
    %load/v 8, v0x1ea36a70_0, 8;
    %set/v v0x1ea36bc0_0, 8, 8;
    %jmp T_3.1;
T_3.0 ;
    %load/v 8, v0x1ea36b40_0, 8;
    %set/v v0x1ea36bc0_0, 8, 8;
T_3.1 ;
    %jmp T_3;
    .thread T_3, $push;
    .scope S_0x1ea365a0;
T_4 ;
    %wait E_0x1ea36690;
    %load/v 8, v0x1ea36870_0, 1;
    %inv 8, 1;
    %jmp/0xz  T_4.0, 8;
    %load/v 8, v0x1ea366c0_0, 8;
    %set/v v0x1ea367f0_0, 8, 8;
    %jmp T_4.1;
T_4.0 ;
    %load/v 8, v0x1ea36740_0, 8;
    %set/v v0x1ea367f0_0, 8, 8;
T_4.1 ;
    %jmp T_4;
    .thread T_4, $push;
    .scope S_0x1ea36160;
T_5 ;
    %wait E_0x1ea36250;
    %load/v 8, v0x1ea364c0_0, 1;
    %inv 8, 1;
    %jmp/0xz  T_5.0, 8;
    %load/v 8, v0x1ea362c0_0, 8;
    %set/v v0x1ea36440_0, 8, 8;
    %jmp T_5.1;
T_5.0 ;
    %load/v 8, v0x1ea36390_0, 8;
    %set/v v0x1ea36440_0, 8, 8;
T_5.1 ;
    %jmp T_5;
    .thread T_5, $push;
    .scope S_0x1ea35f60;
T_6 ;
    %wait E_0x1ea35d40;
    %load/v 8, v0x1ea35d70_0, 8;
    %cmpi/u 8, 251, 8;
    %jmp/0xz  T_6.0, 4;
    %set/v v0x1ea360e0_0, 1, 1;
    %jmp T_6.1;
T_6.0 ;
    %set/v v0x1ea360e0_0, 0, 1;
T_6.1 ;
    %jmp T_6;
    .thread T_6, $push;
    .scope S_0x1ea34870;
T_7 ;
    %wait E_0x1ea2cf40;
    %load/v 8, v0x1ea35c10_0, 1;
    %inv 8, 1;
    %jmp/0xz  T_7.0, 8;
    %ix/load 3, 0, 0; address
    %ix/load 0, 8, 0; word width
    %ix/load 1, 0, 0; part off
    %assign/av v0x1ea35920, 0, 0;
t_0 ;
    %ix/load 3, 1, 0; address
    %ix/load 0, 8, 0; word width
    %ix/load 1, 0, 0; part off
    %assign/av v0x1ea35920, 0, 0;
t_1 ;
    %ix/load 3, 2, 0; address
    %ix/load 0, 8, 0; word width
    %ix/load 1, 0, 0; part off
    %assign/av v0x1ea35920, 0, 0;
t_2 ;
    %ix/load 3, 3, 0; address
    %ix/load 0, 8, 0; word width
    %ix/load 1, 0, 0; part off
    %assign/av v0x1ea35920, 0, 0;
t_3 ;
    %ix/load 3, 4, 0; address
    %ix/load 0, 8, 0; word width
    %ix/load 1, 0, 0; part off
    %assign/av v0x1ea35920, 0, 0;
t_4 ;
    %ix/load 3, 5, 0; address
    %ix/load 0, 8, 0; word width
    %ix/load 1, 0, 0; part off
    %assign/av v0x1ea35920, 0, 0;
t_5 ;
    %ix/load 3, 6, 0; address
    %ix/load 0, 8, 0; word width
    %ix/load 1, 0, 0; part off
    %assign/av v0x1ea35920, 0, 0;
t_6 ;
    %ix/load 3, 7, 0; address
    %ix/load 0, 8, 0; word width
    %ix/load 1, 0, 0; part off
    %assign/av v0x1ea35920, 0, 0;
t_7 ;
    %ix/load 3, 8, 0; address
    %ix/load 0, 8, 0; word width
    %ix/load 1, 0, 0; part off
    %assign/av v0x1ea35920, 0, 0;
t_8 ;
    %ix/load 3, 9, 0; address
    %ix/load 0, 8, 0; word width
    %ix/load 1, 0, 0; part off
    %assign/av v0x1ea35920, 0, 0;
t_9 ;
    %ix/load 3, 10, 0; address
    %ix/load 0, 8, 0; word width
    %ix/load 1, 0, 0; part off
    %assign/av v0x1ea35920, 0, 0;
t_10 ;
    %ix/load 3, 11, 0; address
    %ix/load 0, 8, 0; word width
    %ix/load 1, 0, 0; part off
    %assign/av v0x1ea35920, 0, 0;
t_11 ;
    %ix/load 3, 12, 0; address
    %ix/load 0, 8, 0; word width
    %ix/load 1, 0, 0; part off
    %assign/av v0x1ea35920, 0, 0;
t_12 ;
    %ix/load 3, 13, 0; address
    %ix/load 0, 8, 0; word width
    %ix/load 1, 0, 0; part off
    %assign/av v0x1ea35920, 0, 0;
t_13 ;
    %ix/load 3, 14, 0; address
    %ix/load 0, 8, 0; word width
    %ix/load 1, 0, 0; part off
    %assign/av v0x1ea35920, 0, 0;
t_14 ;
    %ix/load 3, 15, 0; address
    %ix/load 0, 8, 0; word width
    %ix/load 1, 0, 0; part off
    %assign/av v0x1ea35920, 0, 0;
t_15 ;
    %jmp T_7.1;
T_7.0 ;
    %load/v 8, v0x1ea35df0_0, 1;
    %jmp/0xz  T_7.2, 8;
    %load/v 8, v0x1ea34ae0_0, 8;
    %ix/getv 3, v0x1ea35730_0;
    %jmp/1 t_16, 4;
    %ix/load 0, 8, 0; word width
    %ix/load 1, 0, 0; part off
    %assign/av v0x1ea35920, 0, 8;
t_16 ;
T_7.2 ;
T_7.1 ;
    %jmp T_7;
    .thread T_7;
    .scope S_0x1ea33a50;
T_8 ;
    %wait E_0x1ea344a0;
    %load/v 8, v0x1ea34660_0, 4;
    %cmpi/u 8, 0, 4;
    %jmp/1 T_8.0, 6;
    %cmpi/u 8, 1, 4;
    %jmp/1 T_8.1, 6;
    %cmpi/u 8, 2, 4;
    %jmp/1 T_8.2, 6;
    %cmpi/u 8, 3, 4;
    %jmp/1 T_8.3, 6;
    %cmpi/u 8, 4, 4;
    %jmp/1 T_8.4, 6;
    %cmpi/u 8, 5, 4;
    %jmp/1 T_8.5, 6;
    %cmpi/u 8, 6, 4;
    %jmp/1 T_8.6, 6;
    %cmpi/u 8, 7, 4;
    %jmp/1 T_8.7, 6;
    %cmpi/u 8, 8, 4;
    %jmp/1 T_8.8, 6;
    %cmpi/u 8, 9, 4;
    %jmp/1 T_8.9, 6;
    %cmpi/u 8, 10, 4;
    %jmp/1 T_8.10, 6;
    %cmpi/u 8, 11, 4;
    %jmp/1 T_8.11, 6;
    %cmpi/u 8, 12, 4;
    %jmp/1 T_8.12, 6;
    %cmpi/u 8, 13, 4;
    %jmp/1 T_8.13, 6;
    %set/v v0x1ea34710_0, 2, 8;
    %jmp T_8.15;
T_8.0 ;
    %load/v 8, v0x1ea34500_0, 8;
    %load/v 16, v0x1ea345c0_0, 8;
    %and 8, 16, 8;
    %set/v v0x1ea34710_0, 8, 8;
    %jmp T_8.15;
T_8.1 ;
    %load/v 8, v0x1ea34500_0, 8;
    %load/v 16, v0x1ea345c0_0, 8;
    %or 8, 16, 8;
    %set/v v0x1ea34710_0, 8, 8;
    %jmp T_8.15;
T_8.2 ;
    %load/v 8, v0x1ea34500_0, 8;
    %load/v 16, v0x1ea345c0_0, 8;
    %add 8, 16, 8;
    %set/v v0x1ea34710_0, 8, 8;
    %jmp T_8.15;
T_8.3 ;
    %load/v 8, v0x1ea345c0_0, 8;
    %load/v 16, v0x1ea34500_0, 8;
    %sub 8, 16, 8;
    %set/v v0x1ea34710_0, 8, 8;
    %jmp T_8.15;
T_8.4 ;
    %load/v 16, v0x1ea34500_0, 8;
    %load/v 24, v0x1ea345c0_0, 8;
    %cmp/u 16, 24, 8;
    %mov 16, 4, 1;
    %mov 8, 16, 1;
    %mov 9, 0, 7;
    %set/v v0x1ea34710_0, 8, 8;
    %jmp T_8.15;
T_8.5 ;
    %load/v 8, v0x1ea34500_0, 8;
    %load/v 16, v0x1ea345c0_0, 8;
    %add 8, 16, 8;
    %set/v v0x1ea34710_0, 8, 8;
    %jmp T_8.15;
T_8.6 ;
    %load/v 8, v0x1ea345c0_0, 8;
    %load/v 16, v0x1ea34500_0, 8;
    %sub 8, 16, 8;
    %set/v v0x1ea34710_0, 8, 8;
    %jmp T_8.15;
T_8.7 ;
    %load/v 16, v0x1ea34500_0, 8;
    %load/v 24, v0x1ea345c0_0, 8;
    %cmp/u 16, 24, 8;
    %mov 16, 4, 1;
    %mov 8, 16, 1;
    %mov 9, 0, 7;
    %set/v v0x1ea34710_0, 8, 8;
    %jmp T_8.15;
T_8.8 ;
    %load/v 8, v0x1ea34500_0, 8;
    %load/v 16, v0x1ea345c0_0, 8;
    %add 8, 16, 8;
    %set/v v0x1ea34710_0, 8, 8;
    %jmp T_8.15;
T_8.9 ;
    %load/v 8, v0x1ea34500_0, 8;
    %load/v 16, v0x1ea345c0_0, 8;
    %add 8, 16, 8;
    %set/v v0x1ea34710_0, 8, 8;
    %jmp T_8.15;
T_8.10 ;
    %load/v 8, v0x1ea34500_0, 8;
    %set/v v0x1ea34710_0, 8, 8;
    %jmp T_8.15;
T_8.11 ;
    %load/v 8, v0x1ea34500_0, 8;
    %load/v 16, v0x1ea345c0_0, 8;
    %add 8, 16, 8;
    %set/v v0x1ea34710_0, 8, 8;
    %jmp T_8.15;
T_8.12 ;
    %load/v 8, v0x1ea34500_0, 8;
    %set/v v0x1ea34710_0, 8, 8;
    %jmp T_8.15;
T_8.13 ;
    %load/v 8, v0x1ea34500_0, 8;
    %set/v v0x1ea34710_0, 8, 8;
    %jmp T_8.15;
T_8.15 ;
    %load/v 8, v0x1ea34710_0, 8;
    %cmpi/u 8, 0, 8;
    %inv 4, 1;
    %mov 8, 4, 1;
    %jmp/0  T_8.16, 8;
    %mov 9, 1, 1;
    %jmp/1  T_8.18, 8;
T_8.16 ; End of true expr.
    %jmp/0  T_8.17, 8;
 ; End of false expr.
    %blend  9, 0, 1; Condition unknown.
    %jmp  T_8.18;
T_8.17 ;
    %mov 9, 0, 1; Return false value
T_8.18 ;
    %set/v v0x1ea347c0_0, 9, 1;
    %jmp T_8;
    .thread T_8, $push;
    .scope S_0x1ea2f7a0;
T_9 ;
    %wait E_0x1ea2cf40;
    %load/v 8, v0x1ea31160_0, 1;
    %inv 8, 1;
    %jmp/0xz  T_9.0, 8;
    %set/v v0x1ea30fa0_0, 0, 32;
T_9.2 ;
    %load/v 8, v0x1ea30fa0_0, 32;
   %cmpi/s 8, 33, 32;
    %jmp/0xz T_9.3, 5;
    %ix/getv/s 3, v0x1ea30fa0_0;
    %jmp/1 t_17, 4;
    %ix/load 0, 8, 0; word width
    %ix/load 1, 0, 0; part off
    %assign/av v0x1ea31280, 0, 0;
t_17 ;
    %ix/load 0, 1, 0;
    %load/vp0/s 8, v0x1ea30fa0_0, 32;
    %set/v v0x1ea30fa0_0, 8, 32;
    %jmp T_9.2;
T_9.3 ;
    %movi 8, 67, 8;
    %ix/load 3, 33, 0; address
    %ix/load 0, 8, 0; word width
    %ix/load 1, 0, 0; part off
    %assign/av v0x1ea31280, 0, 8;
t_18 ;
    %movi 8, 70, 8;
    %ix/load 3, 34, 0; address
    %ix/load 0, 8, 0; word width
    %ix/load 1, 0, 0; part off
    %assign/av v0x1ea31280, 0, 8;
t_19 ;
    %movi 8, 73, 8;
    %ix/load 3, 35, 0; address
    %ix/load 0, 8, 0; word width
    %ix/load 1, 0, 0; part off
    %assign/av v0x1ea31280, 0, 8;
t_20 ;
    %movi 8, 76, 8;
    %ix/load 3, 36, 0; address
    %ix/load 0, 8, 0; word width
    %ix/load 1, 0, 0; part off
    %assign/av v0x1ea31280, 0, 8;
t_21 ;
    %movi 8, 80, 8;
    %ix/load 3, 37, 0; address
    %ix/load 0, 8, 0; word width
    %ix/load 1, 0, 0; part off
    %assign/av v0x1ea31280, 0, 8;
t_22 ;
    %movi 8, 86, 8;
    %ix/load 3, 38, 0; address
    %ix/load 0, 8, 0; word width
    %ix/load 1, 0, 0; part off
    %assign/av v0x1ea31280, 0, 8;
t_23 ;
    %movi 8, 92, 8;
    %ix/load 3, 39, 0; address
    %ix/load 0, 8, 0; word width
    %ix/load 1, 0, 0; part off
    %assign/av v0x1ea31280, 0, 8;
t_24 ;
    %movi 8, 97, 8;
    %ix/load 3, 40, 0; address
    %ix/load 0, 8, 0; word width
    %ix/load 1, 0, 0; part off
    %assign/av v0x1ea31280, 0, 8;
t_25 ;
    %movi 8, 100, 8;
    %ix/load 3, 41, 0; address
    %ix/load 0, 8, 0; word width
    %ix/load 1, 0, 0; part off
    %assign/av v0x1ea31280, 0, 8;
t_26 ;
    %movi 8, 103, 8;
    %ix/load 3, 42, 0; address
    %ix/load 0, 8, 0; word width
    %ix/load 1, 0, 0; part off
    %assign/av v0x1ea31280, 0, 8;
t_27 ;
    %movi 8, 108, 8;
    %ix/load 3, 43, 0; address
    %ix/load 0, 8, 0; word width
    %ix/load 1, 0, 0; part off
    %assign/av v0x1ea31280, 0, 8;
t_28 ;
    %movi 8, 117, 8;
    %ix/load 3, 44, 0; address
    %ix/load 0, 8, 0; word width
    %ix/load 1, 0, 0; part off
    %assign/av v0x1ea31280, 0, 8;
t_29 ;
    %movi 8, 121, 8;
    %ix/load 3, 45, 0; address
    %ix/load 0, 8, 0; word width
    %ix/load 1, 0, 0; part off
    %assign/av v0x1ea31280, 0, 8;
t_30 ;
    %movi 8, 122, 8;
    %ix/load 3, 46, 0; address
    %ix/load 0, 8, 0; word width
    %ix/load 1, 0, 0; part off
    %assign/av v0x1ea31280, 0, 8;
t_31 ;
    %movi 8, 128, 8;
    %ix/load 3, 47, 0; address
    %ix/load 0, 8, 0; word width
    %ix/load 1, 0, 0; part off
    %assign/av v0x1ea31280, 0, 8;
t_32 ;
    %movi 8, 136, 8;
    %ix/load 3, 48, 0; address
    %ix/load 0, 8, 0; word width
    %ix/load 1, 0, 0; part off
    %assign/av v0x1ea31280, 0, 8;
t_33 ;
    %movi 8, 140, 8;
    %ix/load 3, 49, 0; address
    %ix/load 0, 8, 0; word width
    %ix/load 1, 0, 0; part off
    %assign/av v0x1ea31280, 0, 8;
t_34 ;
    %movi 8, 142, 8;
    %ix/load 3, 50, 0; address
    %ix/load 0, 8, 0; word width
    %ix/load 1, 0, 0; part off
    %assign/av v0x1ea31280, 0, 8;
t_35 ;
    %movi 8, 150, 8;
    %ix/load 3, 51, 0; address
    %ix/load 0, 8, 0; word width
    %ix/load 1, 0, 0; part off
    %assign/av v0x1ea31280, 0, 8;
t_36 ;
    %movi 8, 154, 8;
    %ix/load 3, 52, 0; address
    %ix/load 0, 8, 0; word width
    %ix/load 1, 0, 0; part off
    %assign/av v0x1ea31280, 0, 8;
t_37 ;
    %movi 8, 159, 8;
    %ix/load 3, 53, 0; address
    %ix/load 0, 8, 0; word width
    %ix/load 1, 0, 0; part off
    %assign/av v0x1ea31280, 0, 8;
t_38 ;
    %movi 8, 160, 8;
    %ix/load 3, 54, 0; address
    %ix/load 0, 8, 0; word width
    %ix/load 1, 0, 0; part off
    %assign/av v0x1ea31280, 0, 8;
t_39 ;
    %movi 8, 166, 8;
    %ix/load 3, 55, 0; address
    %ix/load 0, 8, 0; word width
    %ix/load 1, 0, 0; part off
    %assign/av v0x1ea31280, 0, 8;
t_40 ;
    %movi 8, 171, 8;
    %ix/load 3, 56, 0; address
    %ix/load 0, 8, 0; word width
    %ix/load 1, 0, 0; part off
    %assign/av v0x1ea31280, 0, 8;
t_41 ;
    %movi 8, 173, 8;
    %ix/load 3, 57, 0; address
    %ix/load 0, 8, 0; word width
    %ix/load 1, 0, 0; part off
    %assign/av v0x1ea31280, 0, 8;
t_42 ;
    %movi 8, 179, 8;
    %ix/load 3, 58, 0; address
    %ix/load 0, 8, 0; word width
    %ix/load 1, 0, 0; part off
    %assign/av v0x1ea31280, 0, 8;
t_43 ;
    %movi 8, 184, 8;
    %ix/load 3, 59, 0; address
    %ix/load 0, 8, 0; word width
    %ix/load 1, 0, 0; part off
    %assign/av v0x1ea31280, 0, 8;
t_44 ;
    %movi 8, 187, 8;
    %ix/load 3, 60, 0; address
    %ix/load 0, 8, 0; word width
    %ix/load 1, 0, 0; part off
    %assign/av v0x1ea31280, 0, 8;
t_45 ;
    %movi 8, 194, 8;
    %ix/load 3, 61, 0; address
    %ix/load 0, 8, 0; word width
    %ix/load 1, 0, 0; part off
    %assign/av v0x1ea31280, 0, 8;
t_46 ;
    %movi 8, 198, 8;
    %ix/load 3, 62, 0; address
    %ix/load 0, 8, 0; word width
    %ix/load 1, 0, 0; part off
    %assign/av v0x1ea31280, 0, 8;
t_47 ;
    %movi 8, 202, 8;
    %ix/load 3, 63, 0; address
    %ix/load 0, 8, 0; word width
    %ix/load 1, 0, 0; part off
    %assign/av v0x1ea31280, 0, 8;
t_48 ;
    %movi 8, 205, 8;
    %ix/load 3, 64, 0; address
    %ix/load 0, 8, 0; word width
    %ix/load 1, 0, 0; part off
    %assign/av v0x1ea31280, 0, 8;
t_49 ;
    %movi 8, 213, 8;
    %ix/load 3, 65, 0; address
    %ix/load 0, 8, 0; word width
    %ix/load 1, 0, 0; part off
    %assign/av v0x1ea31280, 0, 8;
t_50 ;
    %movi 8, 215, 8;
    %ix/load 3, 66, 0; address
    %ix/load 0, 8, 0; word width
    %ix/load 1, 0, 0; part off
    %assign/av v0x1ea31280, 0, 8;
t_51 ;
    %movi 8, 21, 8;
    %ix/load 3, 67, 0; address
    %ix/load 0, 8, 0; word width
    %ix/load 1, 0, 0; part off
    %assign/av v0x1ea31280, 0, 8;
t_52 ;
    %movi 8, 19, 8;
    %ix/load 3, 68, 0; address
    %ix/load 0, 8, 0; word width
    %ix/load 1, 0, 0; part off
    %assign/av v0x1ea31280, 0, 8;
t_53 ;
    %movi 8, 10, 8;
    %ix/load 3, 69, 0; address
    %ix/load 0, 8, 0; word width
    %ix/load 1, 0, 0; part off
    %assign/av v0x1ea31280, 0, 8;
t_54 ;
    %movi 8, 24, 8;
    %ix/load 3, 70, 0; address
    %ix/load 0, 8, 0; word width
    %ix/load 1, 0, 0; part off
    %assign/av v0x1ea31280, 0, 8;
t_55 ;
    %movi 8, 5, 8;
    %ix/load 3, 71, 0; address
    %ix/load 0, 8, 0; word width
    %ix/load 1, 0, 0; part off
    %assign/av v0x1ea31280, 0, 8;
t_56 ;
    %movi 8, 27, 8;
    %ix/load 3, 72, 0; address
    %ix/load 0, 8, 0; word width
    %ix/load 1, 0, 0; part off
    %assign/av v0x1ea31280, 0, 8;
t_57 ;
    %movi 8, 10, 8;
    %ix/load 3, 73, 0; address
    %ix/load 0, 8, 0; word width
    %ix/load 1, 0, 0; part off
    %assign/av v0x1ea31280, 0, 8;
t_58 ;
    %movi 8, 31, 8;
    %ix/load 3, 74, 0; address
    %ix/load 0, 8, 0; word width
    %ix/load 1, 0, 0; part off
    %assign/av v0x1ea31280, 0, 8;
t_59 ;
    %movi 8, 17, 8;
    %ix/load 3, 75, 0; address
    %ix/load 0, 8, 0; word width
    %ix/load 1, 0, 0; part off
    %assign/av v0x1ea31280, 0, 8;
t_60 ;
    %movi 8, 4, 8;
    %ix/load 3, 76, 0; address
    %ix/load 0, 8, 0; word width
    %ix/load 1, 0, 0; part off
    %assign/av v0x1ea31280, 0, 8;
t_61 ;
    %movi 8, 18, 8;
    %ix/load 3, 77, 0; address
    %ix/load 0, 8, 0; word width
    %ix/load 1, 0, 0; part off
    %assign/av v0x1ea31280, 0, 8;
t_62 ;
    %movi 8, 31, 8;
    %ix/load 3, 78, 0; address
    %ix/load 0, 8, 0; word width
    %ix/load 1, 0, 0; part off
    %assign/av v0x1ea31280, 0, 8;
t_63 ;
    %movi 8, 12, 8;
    %ix/load 3, 79, 0; address
    %ix/load 0, 8, 0; word width
    %ix/load 1, 0, 0; part off
    %assign/av v0x1ea31280, 0, 8;
t_64 ;
    %movi 8, 20, 8;
    %ix/load 3, 80, 0; address
    %ix/load 0, 8, 0; word width
    %ix/load 1, 0, 0; part off
    %assign/av v0x1ea31280, 0, 8;
t_65 ;
    %movi 8, 24, 8;
    %ix/load 3, 81, 0; address
    %ix/load 0, 8, 0; word width
    %ix/load 1, 0, 0; part off
    %assign/av v0x1ea31280, 0, 8;
t_66 ;
    %movi 8, 27, 8;
    %ix/load 3, 82, 0; address
    %ix/load 0, 8, 0; word width
    %ix/load 1, 0, 0; part off
    %assign/av v0x1ea31280, 0, 8;
t_67 ;
    %movi 8, 7, 8;
    %ix/load 3, 83, 0; address
    %ix/load 0, 8, 0; word width
    %ix/load 1, 0, 0; part off
    %assign/av v0x1ea31280, 0, 8;
t_68 ;
    %movi 8, 18, 8;
    %ix/load 3, 84, 0; address
    %ix/load 0, 8, 0; word width
    %ix/load 1, 0, 0; part off
    %assign/av v0x1ea31280, 0, 8;
t_69 ;
    %movi 8, 3, 8;
    %ix/load 3, 85, 0; address
    %ix/load 0, 8, 0; word width
    %ix/load 1, 0, 0; part off
    %assign/av v0x1ea31280, 0, 8;
t_70 ;
    %movi 8, 11, 8;
    %ix/load 3, 86, 0; address
    %ix/load 0, 8, 0; word width
    %ix/load 1, 0, 0; part off
    %assign/av v0x1ea31280, 0, 8;
t_71 ;
    %movi 8, 1, 8;
    %ix/load 3, 87, 0; address
    %ix/load 0, 8, 0; word width
    %ix/load 1, 0, 0; part off
    %assign/av v0x1ea31280, 0, 8;
t_72 ;
    %movi 8, 27, 8;
    %ix/load 3, 88, 0; address
    %ix/load 0, 8, 0; word width
    %ix/load 1, 0, 0; part off
    %assign/av v0x1ea31280, 0, 8;
t_73 ;
    %movi 8, 9, 8;
    %ix/load 3, 89, 0; address
    %ix/load 0, 8, 0; word width
    %ix/load 1, 0, 0; part off
    %assign/av v0x1ea31280, 0, 8;
t_74 ;
    %movi 8, 10, 8;
    %ix/load 3, 90, 0; address
    %ix/load 0, 8, 0; word width
    %ix/load 1, 0, 0; part off
    %assign/av v0x1ea31280, 0, 8;
t_75 ;
    %movi 8, 24, 8;
    %ix/load 3, 91, 0; address
    %ix/load 0, 8, 0; word width
    %ix/load 1, 0, 0; part off
    %assign/av v0x1ea31280, 0, 8;
t_76 ;
    %movi 8, 13, 8;
    %ix/load 3, 92, 0; address
    %ix/load 0, 8, 0; word width
    %ix/load 1, 0, 0; part off
    %assign/av v0x1ea31280, 0, 8;
t_77 ;
    %movi 8, 15, 8;
    %ix/load 3, 93, 0; address
    %ix/load 0, 8, 0; word width
    %ix/load 1, 0, 0; part off
    %assign/av v0x1ea31280, 0, 8;
t_78 ;
    %movi 8, 22, 8;
    %ix/load 3, 94, 0; address
    %ix/load 0, 8, 0; word width
    %ix/load 1, 0, 0; part off
    %assign/av v0x1ea31280, 0, 8;
t_79 ;
    %movi 8, 14, 8;
    %ix/load 3, 95, 0; address
    %ix/load 0, 8, 0; word width
    %ix/load 1, 0, 0; part off
    %assign/av v0x1ea31280, 0, 8;
t_80 ;
    %movi 8, 28, 8;
    %ix/load 3, 96, 0; address
    %ix/load 0, 8, 0; word width
    %ix/load 1, 0, 0; part off
    %assign/av v0x1ea31280, 0, 8;
t_81 ;
    %movi 8, 4, 8;
    %ix/load 3, 97, 0; address
    %ix/load 0, 8, 0; word width
    %ix/load 1, 0, 0; part off
    %assign/av v0x1ea31280, 0, 8;
t_82 ;
    %movi 8, 18, 8;
    %ix/load 3, 98, 0; address
    %ix/load 0, 8, 0; word width
    %ix/load 1, 0, 0; part off
    %assign/av v0x1ea31280, 0, 8;
t_83 ;
    %movi 8, 27, 8;
    %ix/load 3, 99, 0; address
    %ix/load 0, 8, 0; word width
    %ix/load 1, 0, 0; part off
    %assign/av v0x1ea31280, 0, 8;
t_84 ;
    %movi 8, 31, 8;
    %ix/load 3, 100, 0; address
    %ix/load 0, 8, 0; word width
    %ix/load 1, 0, 0; part off
    %assign/av v0x1ea31280, 0, 8;
t_85 ;
    %movi 8, 9, 8;
    %ix/load 3, 101, 0; address
    %ix/load 0, 8, 0; word width
    %ix/load 1, 0, 0; part off
    %assign/av v0x1ea31280, 0, 8;
t_86 ;
    %movi 8, 27, 8;
    %ix/load 3, 102, 0; address
    %ix/load 0, 8, 0; word width
    %ix/load 1, 0, 0; part off
    %assign/av v0x1ea31280, 0, 8;
t_87 ;
    %movi 8, 5, 8;
    %ix/load 3, 103, 0; address
    %ix/load 0, 8, 0; word width
    %ix/load 1, 0, 0; part off
    %assign/av v0x1ea31280, 0, 8;
t_88 ;
    %movi 8, 27, 8;
    %ix/load 3, 104, 0; address
    %ix/load 0, 8, 0; word width
    %ix/load 1, 0, 0; part off
    %assign/av v0x1ea31280, 0, 8;
t_89 ;
    %movi 8, 8, 8;
    %ix/load 3, 105, 0; address
    %ix/load 0, 8, 0; word width
    %ix/load 1, 0, 0; part off
    %assign/av v0x1ea31280, 0, 8;
t_90 ;
    %movi 8, 31, 8;
    %ix/load 3, 106, 0; address
    %ix/load 0, 8, 0; word width
    %ix/load 1, 0, 0; part off
    %assign/av v0x1ea31280, 0, 8;
t_91 ;
    %movi 8, 10, 8;
    %ix/load 3, 107, 0; address
    %ix/load 0, 8, 0; word width
    %ix/load 1, 0, 0; part off
    %assign/av v0x1ea31280, 0, 8;
t_92 ;
    %ix/load 3, 108, 0; address
    %ix/load 0, 8, 0; word width
    %ix/load 1, 0, 0; part off
    %assign/av v0x1ea31280, 0, 0;
t_93 ;
    %movi 8, 21, 8;
    %ix/load 3, 109, 0; address
    %ix/load 0, 8, 0; word width
    %ix/load 1, 0, 0; part off
    %assign/av v0x1ea31280, 0, 8;
t_94 ;
    %movi 8, 11, 8;
    %ix/load 3, 110, 0; address
    %ix/load 0, 8, 0; word width
    %ix/load 1, 0, 0; part off
    %assign/av v0x1ea31280, 0, 8;
t_95 ;
    %movi 8, 5, 8;
    %ix/load 3, 111, 0; address
    %ix/load 0, 8, 0; word width
    %ix/load 1, 0, 0; part off
    %assign/av v0x1ea31280, 0, 8;
t_96 ;
    %movi 8, 9, 8;
    %ix/load 3, 112, 0; address
    %ix/load 0, 8, 0; word width
    %ix/load 1, 0, 0; part off
    %assign/av v0x1ea31280, 0, 8;
t_97 ;
    %movi 8, 31, 8;
    %ix/load 3, 113, 0; address
    %ix/load 0, 8, 0; word width
    %ix/load 1, 0, 0; part off
    %assign/av v0x1ea31280, 0, 8;
t_98 ;
    %movi 8, 2, 8;
    %ix/load 3, 114, 0; address
    %ix/load 0, 8, 0; word width
    %ix/load 1, 0, 0; part off
    %assign/av v0x1ea31280, 0, 8;
t_99 ;
    %movi 8, 17, 8;
    %ix/load 3, 115, 0; address
    %ix/load 0, 8, 0; word width
    %ix/load 1, 0, 0; part off
    %assign/av v0x1ea31280, 0, 8;
t_100 ;
    %movi 8, 19, 8;
    %ix/load 3, 116, 0; address
    %ix/load 0, 8, 0; word width
    %ix/load 1, 0, 0; part off
    %assign/av v0x1ea31280, 0, 8;
t_101 ;
    %movi 8, 21, 8;
    %ix/load 3, 117, 0; address
    %ix/load 0, 8, 0; word width
    %ix/load 1, 0, 0; part off
    %assign/av v0x1ea31280, 0, 8;
t_102 ;
    %movi 8, 24, 8;
    %ix/load 3, 118, 0; address
    %ix/load 0, 8, 0; word width
    %ix/load 1, 0, 0; part off
    %assign/av v0x1ea31280, 0, 8;
t_103 ;
    %movi 8, 5, 8;
    %ix/load 3, 119, 0; address
    %ix/load 0, 8, 0; word width
    %ix/load 1, 0, 0; part off
    %assign/av v0x1ea31280, 0, 8;
t_104 ;
    %movi 8, 10, 8;
    %ix/load 3, 120, 0; address
    %ix/load 0, 8, 0; word width
    %ix/load 1, 0, 0; part off
    %assign/av v0x1ea31280, 0, 8;
t_105 ;
    %movi 8, 3, 8;
    %ix/load 3, 121, 0; address
    %ix/load 0, 8, 0; word width
    %ix/load 1, 0, 0; part off
    %assign/av v0x1ea31280, 0, 8;
t_106 ;
    %movi 8, 21, 8;
    %ix/load 3, 122, 0; address
    %ix/load 0, 8, 0; word width
    %ix/load 1, 0, 0; part off
    %assign/av v0x1ea31280, 0, 8;
t_107 ;
    %movi 8, 19, 8;
    %ix/load 3, 123, 0; address
    %ix/load 0, 8, 0; word width
    %ix/load 1, 0, 0; part off
    %assign/av v0x1ea31280, 0, 8;
t_108 ;
    %movi 8, 17, 8;
    %ix/load 3, 124, 0; address
    %ix/load 0, 8, 0; word width
    %ix/load 1, 0, 0; part off
    %assign/av v0x1ea31280, 0, 8;
t_109 ;
    %movi 8, 15, 8;
    %ix/load 3, 125, 0; address
    %ix/load 0, 8, 0; word width
    %ix/load 1, 0, 0; part off
    %assign/av v0x1ea31280, 0, 8;
t_110 ;
    %movi 8, 6, 8;
    %ix/load 3, 126, 0; address
    %ix/load 0, 8, 0; word width
    %ix/load 1, 0, 0; part off
    %assign/av v0x1ea31280, 0, 8;
t_111 ;
    %movi 8, 28, 8;
    %ix/load 3, 127, 0; address
    %ix/load 0, 8, 0; word width
    %ix/load 1, 0, 0; part off
    %assign/av v0x1ea31280, 0, 8;
t_112 ;
    %movi 8, 22, 8;
    %ix/load 3, 128, 0; address
    %ix/load 0, 8, 0; word width
    %ix/load 1, 0, 0; part off
    %assign/av v0x1ea31280, 0, 8;
t_113 ;
    %movi 8, 29, 8;
    %ix/load 3, 129, 0; address
    %ix/load 0, 8, 0; word width
    %ix/load 1, 0, 0; part off
    %assign/av v0x1ea31280, 0, 8;
t_114 ;
    %movi 8, 6, 8;
    %ix/load 3, 130, 0; address
    %ix/load 0, 8, 0; word width
    %ix/load 1, 0, 0; part off
    %assign/av v0x1ea31280, 0, 8;
t_115 ;
    %movi 8, 28, 8;
    %ix/load 3, 131, 0; address
    %ix/load 0, 8, 0; word width
    %ix/load 1, 0, 0; part off
    %assign/av v0x1ea31280, 0, 8;
t_116 ;
    %movi 8, 30, 8;
    %ix/load 3, 132, 0; address
    %ix/load 0, 8, 0; word width
    %ix/load 1, 0, 0; part off
    %assign/av v0x1ea31280, 0, 8;
t_117 ;
    %movi 8, 26, 8;
    %ix/load 3, 133, 0; address
    %ix/load 0, 8, 0; word width
    %ix/load 1, 0, 0; part off
    %assign/av v0x1ea31280, 0, 8;
t_118 ;
    %movi 8, 16, 8;
    %ix/load 3, 134, 0; address
    %ix/load 0, 8, 0; word width
    %ix/load 1, 0, 0; part off
    %assign/av v0x1ea31280, 0, 8;
t_119 ;
    %movi 8, 25, 8;
    %ix/load 3, 135, 0; address
    %ix/load 0, 8, 0; word width
    %ix/load 1, 0, 0; part off
    %assign/av v0x1ea31280, 0, 8;
t_120 ;
    %movi 8, 13, 8;
    %ix/load 3, 136, 0; address
    %ix/load 0, 8, 0; word width
    %ix/load 1, 0, 0; part off
    %assign/av v0x1ea31280, 0, 8;
t_121 ;
    %movi 8, 17, 8;
    %ix/load 3, 137, 0; address
    %ix/load 0, 8, 0; word width
    %ix/load 1, 0, 0; part off
    %assign/av v0x1ea31280, 0, 8;
t_122 ;
    %movi 8, 22, 8;
    %ix/load 3, 138, 0; address
    %ix/load 0, 8, 0; word width
    %ix/load 1, 0, 0; part off
    %assign/av v0x1ea31280, 0, 8;
t_123 ;
    %movi 8, 6, 8;
    %ix/load 3, 139, 0; address
    %ix/load 0, 8, 0; word width
    %ix/load 1, 0, 0; part off
    %assign/av v0x1ea31280, 0, 8;
t_124 ;
    %movi 8, 14, 8;
    %ix/load 3, 140, 0; address
    %ix/load 0, 8, 0; word width
    %ix/load 1, 0, 0; part off
    %assign/av v0x1ea31280, 0, 8;
t_125 ;
    %movi 8, 26, 8;
    %ix/load 3, 141, 0; address
    %ix/load 0, 8, 0; word width
    %ix/load 1, 0, 0; part off
    %assign/av v0x1ea31280, 0, 8;
t_126 ;
    %movi 8, 19, 8;
    %ix/load 3, 142, 0; address
    %ix/load 0, 8, 0; word width
    %ix/load 1, 0, 0; part off
    %assign/av v0x1ea31280, 0, 8;
t_127 ;
    %movi 8, 10, 8;
    %ix/load 3, 143, 0; address
    %ix/load 0, 8, 0; word width
    %ix/load 1, 0, 0; part off
    %assign/av v0x1ea31280, 0, 8;
t_128 ;
    %movi 8, 2, 8;
    %ix/load 3, 144, 0; address
    %ix/load 0, 8, 0; word width
    %ix/load 1, 0, 0; part off
    %assign/av v0x1ea31280, 0, 8;
t_129 ;
    %movi 8, 31, 8;
    %ix/load 3, 145, 0; address
    %ix/load 0, 8, 0; word width
    %ix/load 1, 0, 0; part off
    %assign/av v0x1ea31280, 0, 8;
t_130 ;
    %movi 8, 25, 8;
    %ix/load 3, 146, 0; address
    %ix/load 0, 8, 0; word width
    %ix/load 1, 0, 0; part off
    %assign/av v0x1ea31280, 0, 8;
t_131 ;
    %movi 8, 22, 8;
    %ix/load 3, 147, 0; address
    %ix/load 0, 8, 0; word width
    %ix/load 1, 0, 0; part off
    %assign/av v0x1ea31280, 0, 8;
t_132 ;
    %movi 8, 15, 8;
    %ix/load 3, 148, 0; address
    %ix/load 0, 8, 0; word width
    %ix/load 1, 0, 0; part off
    %assign/av v0x1ea31280, 0, 8;
t_133 ;
    %movi 8, 13, 8;
    %ix/load 3, 149, 0; address
    %ix/load 0, 8, 0; word width
    %ix/load 1, 0, 0; part off
    %assign/av v0x1ea31280, 0, 8;
t_134 ;
    %movi 8, 7, 8;
    %ix/load 3, 150, 0; address
    %ix/load 0, 8, 0; word width
    %ix/load 1, 0, 0; part off
    %assign/av v0x1ea31280, 0, 8;
t_135 ;
    %movi 8, 4, 8;
    %ix/load 3, 151, 0; address
    %ix/load 0, 8, 0; word width
    %ix/load 1, 0, 0; part off
    %assign/av v0x1ea31280, 0, 8;
t_136 ;
    %movi 8, 3, 8;
    %ix/load 3, 152, 0; address
    %ix/load 0, 8, 0; word width
    %ix/load 1, 0, 0; part off
    %assign/av v0x1ea31280, 0, 8;
t_137 ;
    %movi 8, 32, 8;
    %ix/load 3, 153, 0; address
    %ix/load 0, 8, 0; word width
    %ix/load 1, 0, 0; part off
    %assign/av v0x1ea31280, 0, 8;
t_138 ;
    %movi 8, 21, 8;
    %ix/load 3, 154, 0; address
    %ix/load 0, 8, 0; word width
    %ix/load 1, 0, 0; part off
    %assign/av v0x1ea31280, 0, 8;
t_139 ;
    %ix/load 3, 155, 0; address
    %ix/load 0, 8, 0; word width
    %ix/load 1, 0, 0; part off
    %assign/av v0x1ea31280, 0, 0;
t_140 ;
    %movi 8, 10, 8;
    %ix/load 3, 156, 0; address
    %ix/load 0, 8, 0; word width
    %ix/load 1, 0, 0; part off
    %assign/av v0x1ea31280, 0, 8;
t_141 ;
    %movi 8, 17, 8;
    %ix/load 3, 157, 0; address
    %ix/load 0, 8, 0; word width
    %ix/load 1, 0, 0; part off
    %assign/av v0x1ea31280, 0, 8;
t_142 ;
    %movi 8, 13, 8;
    %ix/load 3, 158, 0; address
    %ix/load 0, 8, 0; word width
    %ix/load 1, 0, 0; part off
    %assign/av v0x1ea31280, 0, 8;
t_143 ;
    %movi 8, 4, 8;
    %ix/load 3, 159, 0; address
    %ix/load 0, 8, 0; word width
    %ix/load 1, 0, 0; part off
    %assign/av v0x1ea31280, 0, 8;
t_144 ;
    %movi 8, 13, 8;
    %ix/load 3, 160, 0; address
    %ix/load 0, 8, 0; word width
    %ix/load 1, 0, 0; part off
    %assign/av v0x1ea31280, 0, 8;
t_145 ;
    %movi 8, 19, 8;
    %ix/load 3, 161, 0; address
    %ix/load 0, 8, 0; word width
    %ix/load 1, 0, 0; part off
    %assign/av v0x1ea31280, 0, 8;
t_146 ;
    %ix/load 3, 162, 0; address
    %ix/load 0, 8, 0; word width
    %ix/load 1, 0, 0; part off
    %assign/av v0x1ea31280, 0, 0;
t_147 ;
    %movi 8, 10, 8;
    %ix/load 3, 163, 0; address
    %ix/load 0, 8, 0; word width
    %ix/load 1, 0, 0; part off
    %assign/av v0x1ea31280, 0, 8;
t_148 ;
    %movi 8, 11, 8;
    %ix/load 3, 164, 0; address
    %ix/load 0, 8, 0; word width
    %ix/load 1, 0, 0; part off
    %assign/av v0x1ea31280, 0, 8;
t_149 ;
    %movi 8, 24, 8;
    %ix/load 3, 165, 0; address
    %ix/load 0, 8, 0; word width
    %ix/load 1, 0, 0; part off
    %assign/av v0x1ea31280, 0, 8;
t_150 ;
    %movi 8, 15, 8;
    %ix/load 3, 166, 0; address
    %ix/load 0, 8, 0; word width
    %ix/load 1, 0, 0; part off
    %assign/av v0x1ea31280, 0, 8;
t_151 ;
    %movi 8, 17, 8;
    %ix/load 3, 167, 0; address
    %ix/load 0, 8, 0; word width
    %ix/load 1, 0, 0; part off
    %assign/av v0x1ea31280, 0, 8;
t_152 ;
    %movi 8, 25, 8;
    %ix/load 3, 168, 0; address
    %ix/load 0, 8, 0; word width
    %ix/load 1, 0, 0; part off
    %assign/av v0x1ea31280, 0, 8;
t_153 ;
    %movi 8, 14, 8;
    %ix/load 3, 169, 0; address
    %ix/load 0, 8, 0; word width
    %ix/load 1, 0, 0; part off
    %assign/av v0x1ea31280, 0, 8;
t_154 ;
    %movi 8, 6, 8;
    %ix/load 3, 170, 0; address
    %ix/load 0, 8, 0; word width
    %ix/load 1, 0, 0; part off
    %assign/av v0x1ea31280, 0, 8;
t_155 ;
    %movi 8, 31, 8;
    %ix/load 3, 171, 0; address
    %ix/load 0, 8, 0; word width
    %ix/load 1, 0, 0; part off
    %assign/av v0x1ea31280, 0, 8;
t_156 ;
    %movi 8, 29, 8;
    %ix/load 3, 172, 0; address
    %ix/load 0, 8, 0; word width
    %ix/load 1, 0, 0; part off
    %assign/av v0x1ea31280, 0, 8;
t_157 ;
    %movi 8, 21, 8;
    %ix/load 3, 173, 0; address
    %ix/load 0, 8, 0; word width
    %ix/load 1, 0, 0; part off
    %assign/av v0x1ea31280, 0, 8;
t_158 ;
    %movi 8, 11, 8;
    %ix/load 3, 174, 0; address
    %ix/load 0, 8, 0; word width
    %ix/load 1, 0, 0; part off
    %assign/av v0x1ea31280, 0, 8;
t_159 ;
    %movi 8, 5, 8;
    %ix/load 3, 175, 0; address
    %ix/load 0, 8, 0; word width
    %ix/load 1, 0, 0; part off
    %assign/av v0x1ea31280, 0, 8;
t_160 ;
    %movi 8, 1, 8;
    %ix/load 3, 176, 0; address
    %ix/load 0, 8, 0; word width
    %ix/load 1, 0, 0; part off
    %assign/av v0x1ea31280, 0, 8;
t_161 ;
    %movi 8, 27, 8;
    %ix/load 3, 177, 0; address
    %ix/load 0, 8, 0; word width
    %ix/load 1, 0, 0; part off
    %assign/av v0x1ea31280, 0, 8;
t_162 ;
    %movi 8, 4, 8;
    %ix/load 3, 178, 0; address
    %ix/load 0, 8, 0; word width
    %ix/load 1, 0, 0; part off
    %assign/av v0x1ea31280, 0, 8;
t_163 ;
    %movi 8, 17, 8;
    %ix/load 3, 179, 0; address
    %ix/load 0, 8, 0; word width
    %ix/load 1, 0, 0; part off
    %assign/av v0x1ea31280, 0, 8;
t_164 ;
    %movi 8, 31, 8;
    %ix/load 3, 180, 0; address
    %ix/load 0, 8, 0; word width
    %ix/load 1, 0, 0; part off
    %assign/av v0x1ea31280, 0, 8;
t_165 ;
    %movi 8, 29, 8;
    %ix/load 3, 181, 0; address
    %ix/load 0, 8, 0; word width
    %ix/load 1, 0, 0; part off
    %assign/av v0x1ea31280, 0, 8;
t_166 ;
    %movi 8, 14, 8;
    %ix/load 3, 182, 0; address
    %ix/load 0, 8, 0; word width
    %ix/load 1, 0, 0; part off
    %assign/av v0x1ea31280, 0, 8;
t_167 ;
    %movi 8, 22, 8;
    %ix/load 3, 183, 0; address
    %ix/load 0, 8, 0; word width
    %ix/load 1, 0, 0; part off
    %assign/av v0x1ea31280, 0, 8;
t_168 ;
    %movi 8, 30, 8;
    %ix/load 3, 184, 0; address
    %ix/load 0, 8, 0; word width
    %ix/load 1, 0, 0; part off
    %assign/av v0x1ea31280, 0, 8;
t_169 ;
    %movi 8, 14, 8;
    %ix/load 3, 185, 0; address
    %ix/load 0, 8, 0; word width
    %ix/load 1, 0, 0; part off
    %assign/av v0x1ea31280, 0, 8;
t_170 ;
    %movi 8, 16, 8;
    %ix/load 3, 186, 0; address
    %ix/load 0, 8, 0; word width
    %ix/load 1, 0, 0; part off
    %assign/av v0x1ea31280, 0, 8;
t_171 ;
    %movi 8, 1, 8;
    %ix/load 3, 187, 0; address
    %ix/load 0, 8, 0; word width
    %ix/load 1, 0, 0; part off
    %assign/av v0x1ea31280, 0, 8;
t_172 ;
    %movi 8, 24, 8;
    %ix/load 3, 188, 0; address
    %ix/load 0, 8, 0; word width
    %ix/load 1, 0, 0; part off
    %assign/av v0x1ea31280, 0, 8;
t_173 ;
    %movi 8, 4, 8;
    %ix/load 3, 189, 0; address
    %ix/load 0, 8, 0; word width
    %ix/load 1, 0, 0; part off
    %assign/av v0x1ea31280, 0, 8;
t_174 ;
    %movi 8, 7, 8;
    %ix/load 3, 190, 0; address
    %ix/load 0, 8, 0; word width
    %ix/load 1, 0, 0; part off
    %assign/av v0x1ea31280, 0, 8;
t_175 ;
    %movi 8, 5, 8;
    %ix/load 3, 191, 0; address
    %ix/load 0, 8, 0; word width
    %ix/load 1, 0, 0; part off
    %assign/av v0x1ea31280, 0, 8;
t_176 ;
    %movi 8, 9, 8;
    %ix/load 3, 192, 0; address
    %ix/load 0, 8, 0; word width
    %ix/load 1, 0, 0; part off
    %assign/av v0x1ea31280, 0, 8;
t_177 ;
    %movi 8, 8, 8;
    %ix/load 3, 193, 0; address
    %ix/load 0, 8, 0; word width
    %ix/load 1, 0, 0; part off
    %assign/av v0x1ea31280, 0, 8;
t_178 ;
    %movi 8, 13, 8;
    %ix/load 3, 194, 0; address
    %ix/load 0, 8, 0; word width
    %ix/load 1, 0, 0; part off
    %assign/av v0x1ea31280, 0, 8;
t_179 ;
    %movi 8, 6, 8;
    %ix/load 3, 195, 0; address
    %ix/load 0, 8, 0; word width
    %ix/load 1, 0, 0; part off
    %assign/av v0x1ea31280, 0, 8;
t_180 ;
    %movi 8, 14, 8;
    %ix/load 3, 196, 0; address
    %ix/load 0, 8, 0; word width
    %ix/load 1, 0, 0; part off
    %assign/av v0x1ea31280, 0, 8;
t_181 ;
    %movi 8, 30, 8;
    %ix/load 3, 197, 0; address
    %ix/load 0, 8, 0; word width
    %ix/load 1, 0, 0; part off
    %assign/av v0x1ea31280, 0, 8;
t_182 ;
    %movi 8, 25, 8;
    %ix/load 3, 198, 0; address
    %ix/load 0, 8, 0; word width
    %ix/load 1, 0, 0; part off
    %assign/av v0x1ea31280, 0, 8;
t_183 ;
    %movi 8, 23, 8;
    %ix/load 3, 199, 0; address
    %ix/load 0, 8, 0; word width
    %ix/load 1, 0, 0; part off
    %assign/av v0x1ea31280, 0, 8;
t_184 ;
    %movi 8, 14, 8;
    %ix/load 3, 200, 0; address
    %ix/load 0, 8, 0; word width
    %ix/load 1, 0, 0; part off
    %assign/av v0x1ea31280, 0, 8;
t_185 ;
    %movi 8, 31, 8;
    %ix/load 3, 201, 0; address
    %ix/load 0, 8, 0; word width
    %ix/load 1, 0, 0; part off
    %assign/av v0x1ea31280, 0, 8;
t_186 ;
    %movi 8, 28, 8;
    %ix/load 3, 202, 0; address
    %ix/load 0, 8, 0; word width
    %ix/load 1, 0, 0; part off
    %assign/av v0x1ea31280, 0, 8;
t_187 ;
    %movi 8, 14, 8;
    %ix/load 3, 203, 0; address
    %ix/load 0, 8, 0; word width
    %ix/load 1, 0, 0; part off
    %assign/av v0x1ea31280, 0, 8;
t_188 ;
    %movi 8, 26, 8;
    %ix/load 3, 204, 0; address
    %ix/load 0, 8, 0; word width
    %ix/load 1, 0, 0; part off
    %assign/av v0x1ea31280, 0, 8;
t_189 ;
    %movi 8, 2, 8;
    %ix/load 3, 205, 0; address
    %ix/load 0, 8, 0; word width
    %ix/load 1, 0, 0; part off
    %assign/av v0x1ea31280, 0, 8;
t_190 ;
    %movi 8, 10, 8;
    %ix/load 3, 206, 0; address
    %ix/load 0, 8, 0; word width
    %ix/load 1, 0, 0; part off
    %assign/av v0x1ea31280, 0, 8;
t_191 ;
    %movi 8, 9, 8;
    %ix/load 3, 207, 0; address
    %ix/load 0, 8, 0; word width
    %ix/load 1, 0, 0; part off
    %assign/av v0x1ea31280, 0, 8;
t_192 ;
    %movi 8, 8, 8;
    %ix/load 3, 208, 0; address
    %ix/load 0, 8, 0; word width
    %ix/load 1, 0, 0; part off
    %assign/av v0x1ea31280, 0, 8;
t_193 ;
    %movi 8, 17, 8;
    %ix/load 3, 209, 0; address
    %ix/load 0, 8, 0; word width
    %ix/load 1, 0, 0; part off
    %assign/av v0x1ea31280, 0, 8;
t_194 ;
    %movi 8, 25, 8;
    %ix/load 3, 210, 0; address
    %ix/load 0, 8, 0; word width
    %ix/load 1, 0, 0; part off
    %assign/av v0x1ea31280, 0, 8;
t_195 ;
    %movi 8, 29, 8;
    %ix/load 3, 211, 0; address
    %ix/load 0, 8, 0; word width
    %ix/load 1, 0, 0; part off
    %assign/av v0x1ea31280, 0, 8;
t_196 ;
    %movi 8, 23, 8;
    %ix/load 3, 212, 0; address
    %ix/load 0, 8, 0; word width
    %ix/load 1, 0, 0; part off
    %assign/av v0x1ea31280, 0, 8;
t_197 ;
    %movi 8, 18, 8;
    %ix/load 3, 213, 0; address
    %ix/load 0, 8, 0; word width
    %ix/load 1, 0, 0; part off
    %assign/av v0x1ea31280, 0, 8;
t_198 ;
    %movi 8, 3, 8;
    %ix/load 3, 214, 0; address
    %ix/load 0, 8, 0; word width
    %ix/load 1, 0, 0; part off
    %assign/av v0x1ea31280, 0, 8;
t_199 ;
    %movi 8, 129, 8;
    %ix/load 3, 215, 0; address
    %ix/load 0, 8, 0; word width
    %ix/load 1, 0, 0; part off
    %assign/av v0x1ea31280, 0, 8;
t_200 ;
    %movi 8, 207, 8;
    %ix/load 3, 216, 0; address
    %ix/load 0, 8, 0; word width
    %ix/load 1, 0, 0; part off
    %assign/av v0x1ea31280, 0, 8;
t_201 ;
    %movi 8, 6, 8;
    %ix/load 3, 217, 0; address
    %ix/load 0, 8, 0; word width
    %ix/load 1, 0, 0; part off
    %assign/av v0x1ea31280, 0, 8;
t_202 ;
    %movi 8, 6, 8;
    %ix/load 3, 218, 0; address
    %ix/load 0, 8, 0; word width
    %ix/load 1, 0, 0; part off
    %assign/av v0x1ea31280, 0, 8;
t_203 ;
    %movi 8, 76, 8;
    %ix/load 3, 219, 0; address
    %ix/load 0, 8, 0; word width
    %ix/load 1, 0, 0; part off
    %assign/av v0x1ea31280, 0, 8;
t_204 ;
    %movi 8, 36, 8;
    %ix/load 3, 220, 0; address
    %ix/load 0, 8, 0; word width
    %ix/load 1, 0, 0; part off
    %assign/av v0x1ea31280, 0, 8;
t_205 ;
    %movi 8, 32, 8;
    %ix/load 3, 221, 0; address
    %ix/load 0, 8, 0; word width
    %ix/load 1, 0, 0; part off
    %assign/av v0x1ea31280, 0, 8;
t_206 ;
    %movi 8, 12, 8;
    %ix/load 3, 222, 0; address
    %ix/load 0, 8, 0; word width
    %ix/load 1, 0, 0; part off
    %assign/av v0x1ea31280, 0, 8;
t_207 ;
    %movi 8, 128, 8;
    %ix/load 3, 223, 0; address
    %ix/load 0, 8, 0; word width
    %ix/load 1, 0, 0; part off
    %assign/av v0x1ea31280, 0, 8;
t_208 ;
    %movi 8, 4, 8;
    %ix/load 3, 224, 0; address
    %ix/load 0, 8, 0; word width
    %ix/load 1, 0, 0; part off
    %assign/av v0x1ea31280, 0, 8;
t_209 ;
    %movi 8, 225, 32;
    %set/v v0x1ea30fa0_0, 8, 32;
T_9.4 ;
    %load/v 8, v0x1ea30fa0_0, 32;
   %cmpi/s 8, 256, 32;
    %jmp/0xz T_9.5, 5;
    %ix/getv/s 3, v0x1ea30fa0_0;
    %jmp/1 t_210, 4;
    %ix/load 0, 8, 0; word width
    %ix/load 1, 0, 0; part off
    %assign/av v0x1ea31280, 0, 0;
t_210 ;
    %ix/load 0, 1, 0;
    %load/vp0/s 8, v0x1ea30fa0_0, 32;
    %set/v v0x1ea30fa0_0, 8, 32;
    %jmp T_9.4;
T_9.5 ;
    %jmp T_9.1;
T_9.0 ;
    %load/v 8, v0x1ea33ba0_0, 1;
    %jmp/0xz  T_9.6, 8;
    %load/v 8, v0x1ea31040_0, 8;
    %ix/getv 3, v0x1ea2f910_0;
    %jmp/1 t_211, 4;
    %ix/load 0, 8, 0; word width
    %ix/load 1, 0, 0; part off
    %assign/av v0x1ea31280, 0, 8;
t_211 ;
T_9.6 ;
T_9.1 ;
    %jmp T_9;
    .thread T_9;
    .scope S_0x1ea2ee50;
T_10 ;
    %wait E_0x1ea2cf40;
    %load/v 8, v0x1ea2f630_0, 1;
    %inv 8, 1;
    %jmp/0xz  T_10.0, 8;
    %ix/load 3, 0, 0; address
    %ix/load 0, 3, 0; word width
    %ix/load 1, 0, 0; part off
    %assign/av v0x1ea2f410, 0, 0;
t_212 ;
    %ix/load 3, 1, 0; address
    %ix/load 0, 3, 0; word width
    %ix/load 1, 0, 0; part off
    %assign/av v0x1ea2f410, 0, 0;
t_213 ;
    %ix/load 3, 2, 0; address
    %ix/load 0, 3, 0; word width
    %ix/load 1, 0, 0; part off
    %assign/av v0x1ea2f410, 0, 0;
t_214 ;
    %ix/load 3, 3, 0; address
    %ix/load 0, 3, 0; word width
    %ix/load 1, 0, 0; part off
    %assign/av v0x1ea2f410, 0, 0;
t_215 ;
    %ix/load 3, 4, 0; address
    %ix/load 0, 3, 0; word width
    %ix/load 1, 0, 0; part off
    %assign/av v0x1ea2f410, 0, 0;
t_216 ;
    %ix/load 0, 12, 0;
    %assign/v0 v0x1ea2f340_0, 0, 0;
    %ix/load 0, 5, 0;
    %assign/v0 v0x1ea2f720_0, 0, 0;
    %jmp T_10.1;
T_10.0 ;
    %load/v 8, v0x1ea2f340_0, 12;
    %mov 20, 0, 20;
    %addi 8, 1, 32;
    %ix/load 0, 12, 0;
    %assign/v0 v0x1ea2f340_0, 0, 8;
    %load/v 8, v0x1ea2f340_0, 12;
    %nor/r 8, 8, 12;
    %jmp/0xz  T_10.2, 8;
    %load/v 8, v0x1ea2f590_0, 1; Select 1 out of 5 bits
    %ix/load 3, 0, 0;
    %mov 4, 0, 1;
    %jmp/1 T_10.4, 4;
    %ix/get/s 0, 0, 2;
T_10.4 ;
    %load/avx.p 11, v0x1ea2f410, 0;
    %load/avx.p 12, v0x1ea2f410, 0;
    %mov 9, 11, 2; Move signal select into place
    %ix/load 3, 0, 0; address
    %ix/load 0, 3, 0; word width
    %ix/load 1, 0, 0; part off
    %assign/av v0x1ea2f410, 0, 8;
t_217 ;
    %ix/load 1, 1, 0;
    %mov 4, 0, 1;
    %jmp/1 T_10.5, 4;
    %load/x1p 11, v0x1ea2f590_0, 1;
    %jmp T_10.6;
T_10.5 ;
    %mov 11, 2, 1;
T_10.6 ;
    %mov 8, 11, 1; Move signal select into place
    %ix/load 3, 1, 0;
    %mov 4, 0, 1;
    %jmp/1 T_10.7, 4;
    %ix/get/s 0, 0, 2;
T_10.7 ;
    %load/avx.p 11, v0x1ea2f410, 0;
    %load/avx.p 12, v0x1ea2f410, 0;
    %mov 9, 11, 2; Move signal select into place
    %ix/load 3, 1, 0; address
    %ix/load 0, 3, 0; word width
    %ix/load 1, 0, 0; part off
    %assign/av v0x1ea2f410, 0, 8;
t_218 ;
    %ix/load 1, 2, 0;
    %mov 4, 0, 1;
    %jmp/1 T_10.8, 4;
    %load/x1p 11, v0x1ea2f590_0, 1;
    %jmp T_10.9;
T_10.8 ;
    %mov 11, 2, 1;
T_10.9 ;
    %mov 8, 11, 1; Move signal select into place
    %ix/load 3, 2, 0;
    %mov 4, 0, 1;
    %jmp/1 T_10.10, 4;
    %ix/get/s 0, 0, 2;
T_10.10 ;
    %load/avx.p 11, v0x1ea2f410, 0;
    %load/avx.p 12, v0x1ea2f410, 0;
    %mov 9, 11, 2; Move signal select into place
    %ix/load 3, 2, 0; address
    %ix/load 0, 3, 0; word width
    %ix/load 1, 0, 0; part off
    %assign/av v0x1ea2f410, 0, 8;
t_219 ;
    %ix/load 1, 3, 0;
    %mov 4, 0, 1;
    %jmp/1 T_10.11, 4;
    %load/x1p 11, v0x1ea2f590_0, 1;
    %jmp T_10.12;
T_10.11 ;
    %mov 11, 2, 1;
T_10.12 ;
    %mov 8, 11, 1; Move signal select into place
    %ix/load 3, 3, 0;
    %mov 4, 0, 1;
    %jmp/1 T_10.13, 4;
    %ix/get/s 0, 0, 2;
T_10.13 ;
    %load/avx.p 11, v0x1ea2f410, 0;
    %load/avx.p 12, v0x1ea2f410, 0;
    %mov 9, 11, 2; Move signal select into place
    %ix/load 3, 3, 0; address
    %ix/load 0, 3, 0; word width
    %ix/load 1, 0, 0; part off
    %assign/av v0x1ea2f410, 0, 8;
t_220 ;
    %ix/load 1, 4, 0;
    %mov 4, 0, 1;
    %jmp/1 T_10.14, 4;
    %load/x1p 11, v0x1ea2f590_0, 1;
    %jmp T_10.15;
T_10.14 ;
    %mov 11, 2, 1;
T_10.15 ;
    %mov 8, 11, 1; Move signal select into place
    %ix/load 3, 4, 0;
    %mov 4, 0, 1;
    %jmp/1 T_10.16, 4;
    %ix/get/s 0, 0, 2;
T_10.16 ;
    %load/avx.p 11, v0x1ea2f410, 0;
    %load/avx.p 12, v0x1ea2f410, 0;
    %mov 9, 11, 2; Move signal select into place
    %ix/load 3, 4, 0; address
    %ix/load 0, 3, 0; word width
    %ix/load 1, 0, 0; part off
    %assign/av v0x1ea2f410, 0, 8;
t_221 ;
T_10.2 ;
    %ix/load 3, 0, 0;
    %mov 4, 0, 1;
    %load/av 8, v0x1ea2f410, 3;
    %or/r 8, 8, 3;
    %cmpi/u 8, 0, 1;
    %mov 8, 4, 1;
    %jmp/0  T_10.17, 8;
    %mov 9, 0, 1;
    %jmp/1  T_10.19, 8;
T_10.17 ; End of true expr.
    %ix/load 3, 0, 0;
    %mov 4, 0, 1;
    %load/av 10, v0x1ea2f410, 3;
    %and/r 10, 10, 3;
    %jmp/0  T_10.20, 10;
    %mov 11, 1, 1;
    %jmp/1  T_10.22, 10;
T_10.20 ; End of true expr.
    %load/v 12, v0x1ea2f720_0, 1; Only need 1 of 5 bits
; Save base=12 wid=1 in lookaside.
    %jmp/0  T_10.21, 10;
 ; End of false expr.
    %blend  11, 12, 1; Condition unknown.
    %jmp  T_10.22;
T_10.21 ;
    %mov 11, 12, 1; Return false value
T_10.22 ;
    %jmp/0  T_10.18, 8;
 ; End of false expr.
    %blend  9, 11, 1; Condition unknown.
    %jmp  T_10.19;
T_10.18 ;
    %mov 9, 11, 1; Return false value
T_10.19 ;
    %ix/load 0, 1, 0;
    %ix/load 1, 0, 0;
    %assign/v0/x1 v0x1ea2f720_0, 0, 9;
    %ix/load 3, 1, 0;
    %mov 4, 0, 1;
    %load/av 8, v0x1ea2f410, 3;
    %or/r 8, 8, 3;
    %cmpi/u 8, 0, 1;
    %mov 8, 4, 1;
    %jmp/0  T_10.23, 8;
    %mov 9, 0, 1;
    %jmp/1  T_10.25, 8;
T_10.23 ; End of true expr.
    %ix/load 3, 1, 0;
    %mov 4, 0, 1;
    %load/av 10, v0x1ea2f410, 3;
    %and/r 10, 10, 3;
    %jmp/0  T_10.26, 10;
    %mov 11, 1, 1;
    %jmp/1  T_10.28, 10;
T_10.26 ; End of true expr.
    %ix/load 1, 1, 0;
    %mov 4, 0, 1;
    %jmp/1 T_10.29, 4;
    %load/x1p 12, v0x1ea2f720_0, 1;
    %jmp T_10.30;
T_10.29 ;
    %mov 12, 2, 1;
T_10.30 ;
; Save base=12 wid=1 in lookaside.
    %jmp/0  T_10.27, 10;
 ; End of false expr.
    %blend  11, 12, 1; Condition unknown.
    %jmp  T_10.28;
T_10.27 ;
    %mov 11, 12, 1; Return false value
T_10.28 ;
    %jmp/0  T_10.24, 8;
 ; End of false expr.
    %blend  9, 11, 1; Condition unknown.
    %jmp  T_10.25;
T_10.24 ;
    %mov 9, 11, 1; Return false value
T_10.25 ;
    %ix/load 0, 1, 0;
    %ix/load 1, 1, 0;
    %assign/v0/x1 v0x1ea2f720_0, 0, 9;
    %ix/load 3, 2, 0;
    %mov 4, 0, 1;
    %load/av 8, v0x1ea2f410, 3;
    %or/r 8, 8, 3;
    %cmpi/u 8, 0, 1;
    %mov 8, 4, 1;
    %jmp/0  T_10.31, 8;
    %mov 9, 0, 1;
    %jmp/1  T_10.33, 8;
T_10.31 ; End of true expr.
    %ix/load 3, 2, 0;
    %mov 4, 0, 1;
    %load/av 10, v0x1ea2f410, 3;
    %and/r 10, 10, 3;
    %jmp/0  T_10.34, 10;
    %mov 11, 1, 1;
    %jmp/1  T_10.36, 10;
T_10.34 ; End of true expr.
    %ix/load 1, 2, 0;
    %mov 4, 0, 1;
    %jmp/1 T_10.37, 4;
    %load/x1p 12, v0x1ea2f720_0, 1;
    %jmp T_10.38;
T_10.37 ;
    %mov 12, 2, 1;
T_10.38 ;
; Save base=12 wid=1 in lookaside.
    %jmp/0  T_10.35, 10;
 ; End of false expr.
    %blend  11, 12, 1; Condition unknown.
    %jmp  T_10.36;
T_10.35 ;
    %mov 11, 12, 1; Return false value
T_10.36 ;
    %jmp/0  T_10.32, 8;
 ; End of false expr.
    %blend  9, 11, 1; Condition unknown.
    %jmp  T_10.33;
T_10.32 ;
    %mov 9, 11, 1; Return false value
T_10.33 ;
    %ix/load 0, 1, 0;
    %ix/load 1, 2, 0;
    %assign/v0/x1 v0x1ea2f720_0, 0, 9;
    %ix/load 3, 3, 0;
    %mov 4, 0, 1;
    %load/av 8, v0x1ea2f410, 3;
    %or/r 8, 8, 3;
    %cmpi/u 8, 0, 1;
    %mov 8, 4, 1;
    %jmp/0  T_10.39, 8;
    %mov 9, 0, 1;
    %jmp/1  T_10.41, 8;
T_10.39 ; End of true expr.
    %ix/load 3, 3, 0;
    %mov 4, 0, 1;
    %load/av 10, v0x1ea2f410, 3;
    %and/r 10, 10, 3;
    %jmp/0  T_10.42, 10;
    %mov 11, 1, 1;
    %jmp/1  T_10.44, 10;
T_10.42 ; End of true expr.
    %ix/load 1, 3, 0;
    %mov 4, 0, 1;
    %jmp/1 T_10.45, 4;
    %load/x1p 12, v0x1ea2f720_0, 1;
    %jmp T_10.46;
T_10.45 ;
    %mov 12, 2, 1;
T_10.46 ;
; Save base=12 wid=1 in lookaside.
    %jmp/0  T_10.43, 10;
 ; End of false expr.
    %blend  11, 12, 1; Condition unknown.
    %jmp  T_10.44;
T_10.43 ;
    %mov 11, 12, 1; Return false value
T_10.44 ;
    %jmp/0  T_10.40, 8;
 ; End of false expr.
    %blend  9, 11, 1; Condition unknown.
    %jmp  T_10.41;
T_10.40 ;
    %mov 9, 11, 1; Return false value
T_10.41 ;
    %ix/load 0, 1, 0;
    %ix/load 1, 3, 0;
    %assign/v0/x1 v0x1ea2f720_0, 0, 9;
    %ix/load 3, 4, 0;
    %mov 4, 0, 1;
    %load/av 8, v0x1ea2f410, 3;
    %or/r 8, 8, 3;
    %cmpi/u 8, 0, 1;
    %mov 8, 4, 1;
    %jmp/0  T_10.47, 8;
    %mov 9, 0, 1;
    %jmp/1  T_10.49, 8;
T_10.47 ; End of true expr.
    %ix/load 3, 4, 0;
    %mov 4, 0, 1;
    %load/av 10, v0x1ea2f410, 3;
    %and/r 10, 10, 3;
    %jmp/0  T_10.50, 10;
    %mov 11, 1, 1;
    %jmp/1  T_10.52, 10;
T_10.50 ; End of true expr.
    %ix/load 1, 4, 0;
    %mov 4, 0, 1;
    %jmp/1 T_10.53, 4;
    %load/x1p 12, v0x1ea2f720_0, 1;
    %jmp T_10.54;
T_10.53 ;
    %mov 12, 2, 1;
T_10.54 ;
; Save base=12 wid=1 in lookaside.
    %jmp/0  T_10.51, 10;
 ; End of false expr.
    %blend  11, 12, 1; Condition unknown.
    %jmp  T_10.52;
T_10.51 ;
    %mov 11, 12, 1; Return false value
T_10.52 ;
    %jmp/0  T_10.48, 8;
 ; End of false expr.
    %blend  9, 11, 1; Condition unknown.
    %jmp  T_10.49;
T_10.48 ;
    %mov 9, 11, 1; Return false value
T_10.49 ;
    %ix/load 0, 1, 0;
    %ix/load 1, 4, 0;
    %assign/v0/x1 v0x1ea2f720_0, 0, 9;
T_10.1 ;
    %jmp T_10;
    .thread T_10;
    .scope S_0x1ea2e810;
T_11 ;
    %wait E_0x1ea2cf40;
    %load/v 8, v0x1ea2ecb0_0, 1;
    %inv 8, 1;
    %jmp/0xz  T_11.0, 8;
    %ix/load 3, 0, 0; address
    %ix/load 0, 8, 0; word width
    %ix/load 1, 0, 0; part off
    %assign/av v0x1ea2ebf0, 0, 0;
t_222 ;
    %ix/load 3, 1, 0; address
    %ix/load 0, 8, 0; word width
    %ix/load 1, 0, 0; part off
    %assign/av v0x1ea2ebf0, 0, 0;
t_223 ;
    %ix/load 3, 2, 0; address
    %ix/load 0, 8, 0; word width
    %ix/load 1, 0, 0; part off
    %assign/av v0x1ea2ebf0, 0, 0;
t_224 ;
    %ix/load 3, 3, 0; address
    %ix/load 0, 8, 0; word width
    %ix/load 1, 0, 0; part off
    %assign/av v0x1ea2ebf0, 0, 0;
t_225 ;
    %ix/load 0, 14, 0;
    %assign/v0 v0x1ea2ea50_0, 0, 0;
    %ix/load 0, 12, 0;
    %assign/v0 v0x1ea2eb50_0, 0, 0;
    %jmp T_11.1;
T_11.0 ;
    %load/v 8, v0x1ea2ea50_0, 14;
    %mov 22, 0, 18;
    %addi 8, 1, 32;
    %ix/load 0, 14, 0;
    %assign/v0 v0x1ea2ea50_0, 0, 8;
    %load/v 8, v0x1ea2ed80_0, 1;
    %jmp/0xz  T_11.2, 8;
    %load/v 8, v0x1ea2e900_0, 8;
    %cmpi/u 8, 252, 8;
    %jmp/1 T_11.4, 6;
    %cmpi/u 8, 253, 8;
    %jmp/1 T_11.5, 6;
    %cmpi/u 8, 254, 8;
    %jmp/1 T_11.6, 6;
    %cmpi/u 8, 255, 8;
    %jmp/1 T_11.7, 6;
    %jmp T_11.8;
T_11.4 ;
    %load/v 8, v0x1ea2ead0_0, 8;
    %ix/load 3, 0, 0; address
    %ix/load 0, 8, 0; word width
    %ix/load 1, 0, 0; part off
    %assign/av v0x1ea2ebf0, 0, 8;
t_226 ;
    %jmp T_11.8;
T_11.5 ;
    %load/v 8, v0x1ea2ead0_0, 8;
    %ix/load 3, 1, 0; address
    %ix/load 0, 8, 0; word width
    %ix/load 1, 0, 0; part off
    %assign/av v0x1ea2ebf0, 0, 8;
t_227 ;
    %jmp T_11.8;
T_11.6 ;
    %load/v 8, v0x1ea2ead0_0, 8;
    %ix/load 3, 2, 0; address
    %ix/load 0, 8, 0; word width
    %ix/load 1, 0, 0; part off
    %assign/av v0x1ea2ebf0, 0, 8;
t_228 ;
    %jmp T_11.8;
T_11.7 ;
    %load/v 8, v0x1ea2ead0_0, 8;
    %ix/load 3, 3, 0; address
    %ix/load 0, 8, 0; word width
    %ix/load 1, 0, 0; part off
    %assign/av v0x1ea2ebf0, 0, 8;
t_229 ;
    %jmp T_11.8;
T_11.8 ;
T_11.2 ;
    %load/v 8, v0x1ea2ea50_0, 12; Only need 12 of 14 bits
; Save base=8 wid=12 in lookaside.
    %nor/r 8, 8, 12;
    %jmp/0xz  T_11.9, 8;
    %ix/load 1, 12, 0;
    %mov 4, 0, 1;
    %jmp/1 T_11.11, 4;
    %load/x1p 8, v0x1ea2ea50_0, 2;
    %jmp T_11.12;
T_11.11 ;
    %mov 8, 2, 2;
T_11.12 ;
; Save base=8 wid=2 in lookaside.
    %cmpi/u 8, 0, 2;
    %jmp/1 T_11.13, 6;
    %cmpi/u 8, 1, 2;
    %jmp/1 T_11.14, 6;
    %cmpi/u 8, 2, 2;
    %jmp/1 T_11.15, 6;
    %cmpi/u 8, 3, 2;
    %jmp/1 T_11.16, 6;
    %jmp T_11.17;
T_11.13 ;
    %ix/load 3, 0, 0;
    %mov 4, 0, 1;
    %load/av 8, v0x1ea2ebf0, 8;
    %movi 20, 14, 4;
    %mov 16, 20, 4;
    %ix/load 0, 12, 0;
    %assign/v0 v0x1ea2eb50_0, 0, 8;
    %jmp T_11.17;
T_11.14 ;
    %ix/load 3, 1, 0;
    %mov 4, 0, 1;
    %load/av 8, v0x1ea2ebf0, 8;
    %movi 20, 13, 4;
    %mov 16, 20, 4;
    %ix/load 0, 12, 0;
    %assign/v0 v0x1ea2eb50_0, 0, 8;
    %jmp T_11.17;
T_11.15 ;
    %ix/load 3, 2, 0;
    %mov 4, 0, 1;
    %load/av 8, v0x1ea2ebf0, 8;
    %movi 20, 11, 4;
    %mov 16, 20, 4;
    %ix/load 0, 12, 0;
    %assign/v0 v0x1ea2eb50_0, 0, 8;
    %jmp T_11.17;
T_11.16 ;
    %ix/load 3, 3, 0;
    %mov 4, 0, 1;
    %load/av 8, v0x1ea2ebf0, 8;
    %movi 20, 7, 4;
    %mov 16, 20, 4;
    %ix/load 0, 12, 0;
    %assign/v0 v0x1ea2eb50_0, 0, 8;
    %jmp T_11.17;
T_11.17 ;
T_11.9 ;
T_11.1 ;
    %jmp T_11;
    .thread T_11;
    .scope S_0x1ea2e440;
T_12 ;
    %wait E_0x1ea2cf40;
    %load/v 8, v0x1ea2e730_0, 1;
    %inv 8, 1;
    %jmp/0xz  T_12.0, 8;
    %ix/load 0, 8, 0;
    %assign/v0 v0x1ea2e680_0, 0, 0;
    %jmp T_12.1;
T_12.0 ;
    %load/v 8, v0x1ea2e600_0, 8;
    %ix/load 0, 8, 0;
    %assign/v0 v0x1ea2e680_0, 0, 8;
T_12.1 ;
    %jmp T_12;
    .thread T_12;
    .scope S_0x1ea2dab0;
T_13 ;
    %wait E_0x1ea2e2a0;
    %load/v 8, v0x1ea2e3c0_0, 8;
    %cmpi/u 8, 0, 8;
    %jmp/1 T_13.0, 6;
    %cmpi/u 8, 1, 8;
    %jmp/1 T_13.1, 6;
    %cmpi/u 8, 20, 8;
    %jmp/1 T_13.2, 6;
    %cmpi/u 8, 21, 8;
    %jmp/1 T_13.3, 6;
    %cmpi/u 8, 22, 8;
    %jmp/1 T_13.4, 6;
    %cmpi/u 8, 23, 8;
    %jmp/1 T_13.5, 6;
    %cmpi/u 8, 24, 8;
    %jmp/1 T_13.6, 6;
    %cmpi/u 8, 25, 8;
    %jmp/1 T_13.7, 6;
    %cmpi/u 8, 26, 8;
    %jmp/1 T_13.8, 6;
    %cmpi/u 8, 27, 8;
    %jmp/1 T_13.9, 6;
    %cmpi/u 8, 28, 8;
    %jmp/1 T_13.10, 6;
    %cmpi/u 8, 29, 8;
    %jmp/1 T_13.11, 6;
    %cmpi/u 8, 30, 8;
    %jmp/1 T_13.12, 6;
    %cmpi/u 8, 31, 8;
    %jmp/1 T_13.13, 6;
    %cmpi/u 8, 32, 8;
    %jmp/1 T_13.14, 6;
    %cmpi/u 8, 33, 8;
    %jmp/1 T_13.15, 6;
    %cmpi/u 8, 34, 8;
    %jmp/1 T_13.16, 6;
    %cmpi/u 8, 40, 8;
    %jmp/1 T_13.17, 6;
    %cmpi/u 8, 41, 8;
    %jmp/1 T_13.18, 6;
    %cmpi/u 8, 42, 8;
    %jmp/1 T_13.19, 6;
    %cmpi/u 8, 43, 8;
    %jmp/1 T_13.20, 6;
    %cmpi/u 8, 44, 8;
    %jmp/1 T_13.21, 6;
    %cmpi/u 8, 45, 8;
    %jmp/1 T_13.22, 6;
    %cmpi/u 8, 46, 8;
    %jmp/1 T_13.23, 6;
    %cmpi/u 8, 47, 8;
    %jmp/1 T_13.24, 6;
    %cmpi/u 8, 48, 8;
    %jmp/1 T_13.25, 6;
    %cmpi/u 8, 49, 8;
    %jmp/1 T_13.26, 6;
    %cmpi/u 8, 50, 8;
    %jmp/1 T_13.27, 6;
    %cmpi/u 8, 51, 8;
    %jmp/1 T_13.28, 6;
    %cmpi/u 8, 52, 8;
    %jmp/1 T_13.29, 6;
    %cmpi/u 8, 53, 8;
    %jmp/1 T_13.30, 6;
    %cmpi/u 8, 54, 8;
    %jmp/1 T_13.31, 6;
    %cmpi/u 8, 55, 8;
    %jmp/1 T_13.32, 6;
    %cmpi/u 8, 56, 8;
    %jmp/1 T_13.33, 6;
    %cmpi/u 8, 57, 8;
    %jmp/1 T_13.34, 6;
    %cmpi/u 8, 60, 8;
    %jmp/1 T_13.35, 6;
    %cmpi/u 8, 61, 8;
    %jmp/1 T_13.36, 6;
    %cmpi/u 8, 62, 8;
    %jmp/1 T_13.37, 6;
    %cmpi/u 8, 63, 8;
    %jmp/1 T_13.38, 6;
    %cmpi/u 8, 64, 8;
    %jmp/1 T_13.39, 6;
    %cmpi/u 8, 65, 8;
    %jmp/1 T_13.40, 6;
    %cmpi/u 8, 66, 8;
    %jmp/1 T_13.41, 6;
    %cmpi/u 8, 80, 8;
    %jmp/1 T_13.42, 6;
    %cmpi/u 8, 81, 8;
    %jmp/1 T_13.43, 6;
    %cmpi/u 8, 82, 8;
    %jmp/1 T_13.44, 6;
    %cmpi/u 8, 83, 8;
    %jmp/1 T_13.45, 6;
    %cmpi/u 8, 90, 8;
    %jmp/1 T_13.46, 6;
    %cmpi/u 8, 91, 8;
    %jmp/1 T_13.47, 6;
    %cmpi/u 8, 92, 8;
    %jmp/1 T_13.48, 6;
    %cmpi/u 8, 93, 8;
    %jmp/1 T_13.49, 6;
    %cmpi/u 8, 100, 8;
    %jmp/1 T_13.50, 6;
    %cmpi/u 8, 101, 8;
    %jmp/1 T_13.51, 6;
    %cmpi/u 8, 102, 8;
    %jmp/1 T_13.52, 6;
    %cmpi/u 8, 103, 8;
    %jmp/1 T_13.53, 6;
    %cmpi/u 8, 104, 8;
    %jmp/1 T_13.54, 6;
    %cmpi/u 8, 105, 8;
    %jmp/1 T_13.55, 6;
    %cmpi/u 8, 106, 8;
    %jmp/1 T_13.56, 6;
    %cmpi/u 8, 107, 8;
    %jmp/1 T_13.57, 6;
    %cmpi/u 8, 108, 8;
    %jmp/1 T_13.58, 6;
    %cmpi/u 8, 109, 8;
    %jmp/1 T_13.59, 6;
    %cmpi/u 8, 120, 8;
    %jmp/1 T_13.60, 6;
    %cmpi/u 8, 121, 8;
    %jmp/1 T_13.61, 6;
    %cmpi/u 8, 122, 8;
    %jmp/1 T_13.62, 6;
    %cmpi/u 8, 123, 8;
    %jmp/1 T_13.63, 6;
    %cmpi/u 8, 140, 8;
    %jmp/1 T_13.64, 6;
    %cmpi/u 8, 141, 8;
    %jmp/1 T_13.65, 6;
    %cmpi/u 8, 142, 8;
    %jmp/1 T_13.66, 6;
    %cmpi/u 8, 143, 8;
    %jmp/1 T_13.67, 6;
    %cmpi/u 8, 144, 8;
    %jmp/1 T_13.68, 6;
    %cmpi/u 8, 145, 8;
    %jmp/1 T_13.69, 6;
    %cmpi/u 8, 146, 8;
    %jmp/1 T_13.70, 6;
    %cmpi/u 8, 147, 8;
    %jmp/1 T_13.71, 6;
    %cmpi/u 8, 148, 8;
    %jmp/1 T_13.72, 6;
    %cmpi/u 8, 149, 8;
    %jmp/1 T_13.73, 6;
    %cmpi/u 8, 150, 8;
    %jmp/1 T_13.74, 6;
    %cmpi/u 8, 151, 8;
    %jmp/1 T_13.75, 6;
    %set/v v0x1ea2e2f0_0, 2, 16;
    %jmp T_13.77;
T_13.0 ;
    %movi 8, 41600, 16;
    %set/v v0x1ea2e2f0_0, 8, 16;
    %jmp T_13.77;
T_13.1 ;
    %movi 8, 41920, 16;
    %set/v v0x1ea2e2f0_0, 8, 16;
    %jmp T_13.77;
T_13.2 ;
    %movi 8, 53260, 16;
    %set/v v0x1ea2e2f0_0, 8, 16;
    %jmp T_13.77;
T_13.3 ;
    %movi 8, 53777, 16;
    %set/v v0x1ea2e2f0_0, 8, 16;
    %jmp T_13.77;
T_13.4 ;
    %movi 8, 8609, 16;
    %set/v v0x1ea2e2f0_0, 8, 16;
    %jmp T_13.77;
T_13.5 ;
    %movi 8, 33038, 16;
    %set/v v0x1ea2e2f0_0, 8, 16;
    %jmp T_13.77;
T_13.6 ;
    %movi 8, 33055, 16;
    %set/v v0x1ea2e2f0_0, 8, 16;
    %jmp T_13.77;
T_13.7 ;
    %movi 8, 16365, 16;
    %set/v v0x1ea2e2f0_0, 8, 16;
    %jmp T_13.77;
T_13.8 ;
    %movi 8, 11983, 16;
    %set/v v0x1ea2e2f0_0, 8, 16;
    %jmp T_13.77;
T_13.9 ;
    %movi 8, 36623, 16;
    %set/v v0x1ea2e2f0_0, 8, 16;
    %jmp T_13.77;
T_13.10 ;
    %movi 8, 36623, 16;
    %set/v v0x1ea2e2f0_0, 8, 16;
    %jmp T_13.77;
T_13.11 ;
    %movi 8, 19440, 16;
    %set/v v0x1ea2e2f0_0, 8, 16;
    %jmp T_13.77;
T_13.12 ;
    %movi 8, 49952, 16;
    %set/v v0x1ea2e2f0_0, 8, 16;
    %jmp T_13.77;
T_13.13 ;
    %movi 8, 23553, 16;
    %set/v v0x1ea2e2f0_0, 8, 16;
    %jmp T_13.77;
T_13.14 ;
    %movi 8, 19664, 16;
    %set/v v0x1ea2e2f0_0, 8, 16;
    %jmp T_13.77;
T_13.15 ;
    %movi 8, 49904, 16;
    %set/v v0x1ea2e2f0_0, 8, 16;
    %jmp T_13.77;
T_13.16 ;
    %movi 8, 41376, 16;
    %set/v v0x1ea2e2f0_0, 8, 16;
    %jmp T_13.77;
T_13.17 ;
    %movi 8, 31265, 16;
    %set/v v0x1ea2e2f0_0, 8, 16;
    %jmp T_13.77;
T_13.18 ;
    %movi 8, 49168, 16;
    %set/v v0x1ea2e2f0_0, 8, 16;
    %jmp T_13.77;
T_13.19 ;
    %movi 8, 35339, 16;
    %set/v v0x1ea2e2f0_0, 8, 16;
    %jmp T_13.77;
T_13.20 ;
    %movi 8, 31492, 16;
    %set/v v0x1ea2e2f0_0, 8, 16;
    %jmp T_13.77;
T_13.21 ;
    %movi 8, 50016, 16;
    %set/v v0x1ea2e2f0_0, 8, 16;
    %jmp T_13.77;
T_13.22 ;
    %movi 8, 23297, 16;
    %set/v v0x1ea2e2f0_0, 8, 16;
    %jmp T_13.77;
T_13.23 ;
    %movi 8, 41280, 16;
    %set/v v0x1ea2e2f0_0, 8, 16;
    %jmp T_13.77;
T_13.24 ;
    %movi 8, 39600, 16;
    %set/v v0x1ea2e2f0_0, 8, 16;
    %jmp T_13.77;
T_13.25 ;
    %movi 8, 23041, 16;
    %set/v v0x1ea2e2f0_0, 8, 16;
    %jmp T_13.77;
T_13.26 ;
    %movi 8, 41600, 16;
    %set/v v0x1ea2e2f0_0, 8, 16;
    %jmp T_13.77;
T_13.27 ;
    %movi 8, 31492, 16;
    %set/v v0x1ea2e2f0_0, 8, 16;
    %jmp T_13.77;
T_13.28 ;
    %movi 8, 50016, 16;
    %set/v v0x1ea2e2f0_0, 8, 16;
    %jmp T_13.77;
T_13.29 ;
    %movi 8, 23297, 16;
    %set/v v0x1ea2e2f0_0, 8, 16;
    %jmp T_13.77;
T_13.30 ;
    %movi 8, 41696, 16;
    %set/v v0x1ea2e2f0_0, 8, 16;
    %jmp T_13.77;
T_13.31 ;
    %movi 8, 53249, 16;
    %set/v v0x1ea2e2f0_0, 8, 16;
    %jmp T_13.77;
T_13.32 ;
    %movi 8, 39440, 16;
    %set/v v0x1ea2e2f0_0, 8, 16;
    %jmp T_13.77;
T_13.33 ;
    %movi 8, 27137, 16;
    %set/v v0x1ea2e2f0_0, 8, 16;
    %jmp T_13.77;
T_13.34 ;
    %movi 8, 41600, 16;
    %set/v v0x1ea2e2f0_0, 8, 16;
    %jmp T_13.77;
T_13.35 ;
    %movi 8, 57272, 16;
    %set/v v0x1ea2e2f0_0, 8, 16;
    %jmp T_13.77;
T_13.36 ;
    %movi 8, 34818, 16;
    %set/v v0x1ea2e2f0_0, 8, 16;
    %jmp T_13.77;
T_13.37 ;
    %movi 8, 29188, 16;
    %set/v v0x1ea2e2f0_0, 8, 16;
    %jmp T_13.77;
T_13.38 ;
    %movi 8, 50432, 16;
    %set/v v0x1ea2e2f0_0, 8, 16;
    %jmp T_13.77;
T_13.39 ;
    %movi 8, 29186, 16;
    %set/v v0x1ea2e2f0_0, 8, 16;
    %jmp T_13.77;
T_13.40 ;
    %movi 8, 50592, 16;
    %set/v v0x1ea2e2f0_0, 8, 16;
    %jmp T_13.77;
T_13.41 ;
    %movi 8, 41920, 16;
    %set/v v0x1ea2e2f0_0, 8, 16;
    %jmp T_13.77;
T_13.42 ;
    %movi 8, 29440, 16;
    %set/v v0x1ea2e2f0_0, 8, 16;
    %jmp T_13.77;
T_13.43 ;
    %movi 8, 50176, 16;
    %set/v v0x1ea2e2f0_0, 8, 16;
    %jmp T_13.77;
T_13.44 ;
    %movi 8, 25345, 16;
    %set/v v0x1ea2e2f0_0, 8, 16;
    %jmp T_13.77;
T_13.45 ;
    %movi 8, 42560, 16;
    %set/v v0x1ea2e2f0_0, 8, 16;
    %jmp T_13.77;
T_13.46 ;
    %movi 8, 29472, 16;
    %set/v v0x1ea2e2f0_0, 8, 16;
    %jmp T_13.77;
T_13.47 ;
    %movi 8, 50208, 16;
    %set/v v0x1ea2e2f0_0, 8, 16;
    %jmp T_13.77;
T_13.48 ;
    %movi 8, 21249, 16;
    %set/v v0x1ea2e2f0_0, 8, 16;
    %jmp T_13.77;
T_13.49 ;
    %movi 8, 42560, 16;
    %set/v v0x1ea2e2f0_0, 8, 16;
    %jmp T_13.77;
T_13.50 ;
    %movi 8, 53253, 16;
    %set/v v0x1ea2e2f0_0, 8, 16;
    %jmp T_13.77;
T_13.51 ;
    %movi 8, 53255, 16;
    %set/v v0x1ea2e2f0_0, 8, 16;
    %jmp T_13.77;
T_13.52 ;
    %movi 8, 33540, 16;
    %set/v v0x1ea2e2f0_0, 8, 16;
    %jmp T_13.77;
T_13.53 ;
    %movi 8, 9073, 16;
    %set/v v0x1ea2e2f0_0, 8, 16;
    %jmp T_13.77;
T_13.54 ;
    %movi 8, 24842, 16;
    %set/v v0x1ea2e2f0_0, 8, 16;
    %jmp T_13.77;
T_13.55 ;
    %movi 8, 55303, 16;
    %set/v v0x1ea2e2f0_0, 8, 16;
    %jmp T_13.77;
T_13.56 ;
    %movi 8, 375, 16;
    %set/v v0x1ea2e2f0_0, 8, 16;
    %jmp T_13.77;
T_13.57 ;
    %movi 8, 30592, 16;
    %set/v v0x1ea2e2f0_0, 8, 16;
    %jmp T_13.77;
T_13.58 ;
    %movi 8, 51072, 16;
    %set/v v0x1ea2e2f0_0, 8, 16;
    %jmp T_13.77;
T_13.59 ;
    %movi 8, 42624, 16;
    %set/v v0x1ea2e2f0_0, 8, 16;
    %jmp T_13.77;
T_13.60 ;
    %movi 8, 53255, 16;
    %set/v v0x1ea2e2f0_0, 8, 16;
    %jmp T_13.77;
T_13.61 ;
    %movi 8, 8566, 16;
    %set/v v0x1ea2e2f0_0, 8, 16;
    %jmp T_13.77;
T_13.62 ;
    %movi 8, 22026, 16;
    %set/v v0x1ea2e2f0_0, 8, 16;
    %jmp T_13.77;
T_13.63 ;
    %movi 8, 43200, 16;
    %set/v v0x1ea2e2f0_0, 8, 16;
    %jmp T_13.77;
T_13.64 ;
    %movi 8, 56689, 16;
    %set/v v0x1ea2e2f0_0, 8, 16;
    %jmp T_13.77;
T_13.65 ;
    %movi 8, 57272, 16;
    %set/v v0x1ea2e2f0_0, 8, 16;
    %jmp T_13.77;
T_13.66 ;
    %movi 8, 8535, 16;
    %set/v v0x1ea2e2f0_0, 8, 16;
    %jmp T_13.77;
T_13.67 ;
    %movi 8, 34567, 16;
    %set/v v0x1ea2e2f0_0, 8, 16;
    %jmp T_13.77;
T_13.68 ;
    %movi 8, 39028, 16;
    %set/v v0x1ea2e2f0_0, 8, 16;
    %jmp T_13.77;
T_13.69 ;
    %movi 8, 8551, 16;
    %set/v v0x1ea2e2f0_0, 8, 16;
    %jmp T_13.77;
T_13.70 ;
    %movi 8, 34567, 16;
    %set/v v0x1ea2e2f0_0, 8, 16;
    %jmp T_13.77;
T_13.71 ;
    %movi 8, 39027, 16;
    %set/v v0x1ea2e2f0_0, 8, 16;
    %jmp T_13.77;
T_13.72 ;
    %movi 8, 8519, 16;
    %set/v v0x1ea2e2f0_0, 8, 16;
    %jmp T_13.77;
T_13.73 ;
    %movi 8, 34567, 16;
    %set/v v0x1ea2e2f0_0, 8, 16;
    %jmp T_13.77;
T_13.74 ;
    %movi 8, 39025, 16;
    %set/v v0x1ea2e2f0_0, 8, 16;
    %jmp T_13.77;
T_13.75 ;
    %movi 8, 41920, 16;
    %set/v v0x1ea2e2f0_0, 8, 16;
    %jmp T_13.77;
T_13.77 ;
    %jmp T_13;
    .thread T_13, $push;
    .scope S_0x1ea2d730;
T_14 ;
    %wait E_0x1ea2cf40;
    %load/v 8, v0x1ea2d8c0_0, 1;
    %mov 9, 0, 1;
    %cmpi/u 8, 0, 2;
    %jmp/0xz  T_14.0, 4;
    %ix/load 0, 1, 0;
    %assign/v0 v0x1ea2da00_0, 0, 0;
    %jmp T_14.1;
T_14.0 ;
    %load/v 8, v0x1ea2d960_0, 1;
    %ix/load 0, 1, 0;
    %assign/v0 v0x1ea2da00_0, 0, 8;
T_14.1 ;
    %jmp T_14;
    .thread T_14;
    .scope S_0x1e9d70a0;
T_15 ;
    %wait E_0x1ea0b950;
    %ix/load 1, 12, 0;
    %mov 4, 0, 1;
    %jmp/1 T_15.0, 4;
    %load/x1p 8, v0x1ea2d190_0, 4;
    %jmp T_15.1;
T_15.0 ;
    %mov 8, 2, 4;
T_15.1 ;
; Save base=8 wid=4 in lookaside.
    %cmpi/u 8, 0, 4;
    %jmp/1 T_15.2, 6;
    %cmpi/u 8, 1, 4;
    %jmp/1 T_15.3, 6;
    %cmpi/u 8, 2, 4;
    %jmp/1 T_15.4, 6;
    %cmpi/u 8, 3, 4;
    %jmp/1 T_15.5, 6;
    %cmpi/u 8, 4, 4;
    %jmp/1 T_15.6, 6;
    %cmpi/u 8, 5, 4;
    %jmp/1 T_15.7, 6;
    %cmpi/u 8, 6, 4;
    %jmp/1 T_15.8, 6;
    %cmpi/u 8, 7, 4;
    %jmp/1 T_15.9, 6;
    %cmpi/u 8, 8, 4;
    %jmp/1 T_15.10, 6;
    %cmpi/u 8, 9, 4;
    %jmp/1 T_15.11, 6;
    %cmpi/u 8, 10, 4;
    %jmp/1 T_15.12, 6;
    %cmpi/u 8, 11, 4;
    %jmp/1 T_15.13, 6;
    %cmpi/u 8, 12, 4;
    %jmp/1 T_15.14, 6;
    %cmpi/u 8, 13, 4;
    %jmp/1 T_15.15, 6;
    %set/v v0x1e96e7f0_0, 2, 4;
    %set/v v0x1ea2d5b0_0, 2, 4;
    %set/v v0x1ea2d4c0_0, 2, 4;
    %set/v v0x1ea2ce20_0, 2, 4;
    %set/v v0x1ea2cd80_0, 2, 8;
    %set/v v0x1ea2d420_0, 2, 1;
    %set/v v0x1ea2d0f0_0, 2, 1;
    %set/v v0x1ea2d320_0, 2, 1;
    %set/v v0x1ea2d280_0, 2, 1;
    %set/v v0x1ea2cec0_0, 2, 1;
    %set/v v0x1ea2d010_0, 2, 1;
    %set/v v0x1ea2cf70_0, 2, 1;
    %jmp T_15.17;
T_15.2 ;
    %ix/load 1, 12, 0;
    %mov 4, 0, 1;
    %jmp/1 T_15.18, 4;
    %load/x1p 8, v0x1ea2d190_0, 4;
    %jmp T_15.19;
T_15.18 ;
    %mov 8, 2, 4;
T_15.19 ;
; Save base=8 wid=4 in lookaside.
    %set/v v0x1e96e7f0_0, 8, 4;
    %ix/load 1, 8, 0;
    %mov 4, 0, 1;
    %jmp/1 T_15.20, 4;
    %load/x1p 8, v0x1ea2d190_0, 4;
    %jmp T_15.21;
T_15.20 ;
    %mov 8, 2, 4;
T_15.21 ;
; Save base=8 wid=4 in lookaside.
    %set/v v0x1ea2d5b0_0, 8, 4;
    %ix/load 1, 4, 0;
    %mov 4, 0, 1;
    %jmp/1 T_15.22, 4;
    %load/x1p 8, v0x1ea2d190_0, 4;
    %jmp T_15.23;
T_15.22 ;
    %mov 8, 2, 4;
T_15.23 ;
; Save base=8 wid=4 in lookaside.
    %set/v v0x1ea2d4c0_0, 8, 4;
    %load/v 8, v0x1ea2d190_0, 4; Only need 4 of 16 bits
; Save base=8 wid=4 in lookaside.
    %set/v v0x1ea2ce20_0, 8, 4;
    %set/v v0x1ea2cd80_0, 0, 8;
    %set/v v0x1ea2d420_0, 1, 1;
    %set/v v0x1ea2d0f0_0, 0, 1;
    %set/v v0x1ea2d320_0, 1, 1;
    %set/v v0x1ea2d280_0, 1, 1;
    %set/v v0x1ea2cec0_0, 0, 1;
    %set/v v0x1ea2d010_0, 0, 1;
    %set/v v0x1ea2cf70_0, 0, 1;
    %jmp T_15.17;
T_15.3 ;
    %ix/load 1, 12, 0;
    %mov 4, 0, 1;
    %jmp/1 T_15.24, 4;
    %load/x1p 8, v0x1ea2d190_0, 4;
    %jmp T_15.25;
T_15.24 ;
    %mov 8, 2, 4;
T_15.25 ;
; Save base=8 wid=4 in lookaside.
    %set/v v0x1e96e7f0_0, 8, 4;
    %ix/load 1, 8, 0;
    %mov 4, 0, 1;
    %jmp/1 T_15.26, 4;
    %load/x1p 8, v0x1ea2d190_0, 4;
    %jmp T_15.27;
T_15.26 ;
    %mov 8, 2, 4;
T_15.27 ;
; Save base=8 wid=4 in lookaside.
    %set/v v0x1ea2d5b0_0, 8, 4;
    %ix/load 1, 4, 0;
    %mov 4, 0, 1;
    %jmp/1 T_15.28, 4;
    %load/x1p 8, v0x1ea2d190_0, 4;
    %jmp T_15.29;
T_15.28 ;
    %mov 8, 2, 4;
T_15.29 ;
; Save base=8 wid=4 in lookaside.
    %set/v v0x1ea2d4c0_0, 8, 4;
    %load/v 8, v0x1ea2d190_0, 4; Only need 4 of 16 bits
; Save base=8 wid=4 in lookaside.
    %set/v v0x1ea2ce20_0, 8, 4;
    %set/v v0x1ea2cd80_0, 0, 8;
    %set/v v0x1ea2d420_0, 1, 1;
    %set/v v0x1ea2d0f0_0, 0, 1;
    %set/v v0x1ea2d320_0, 1, 1;
    %set/v v0x1ea2d280_0, 1, 1;
    %set/v v0x1ea2cec0_0, 0, 1;
    %set/v v0x1ea2d010_0, 0, 1;
    %set/v v0x1ea2cf70_0, 0, 1;
    %jmp T_15.17;
T_15.4 ;
    %ix/load 1, 12, 0;
    %mov 4, 0, 1;
    %jmp/1 T_15.30, 4;
    %load/x1p 8, v0x1ea2d190_0, 4;
    %jmp T_15.31;
T_15.30 ;
    %mov 8, 2, 4;
T_15.31 ;
; Save base=8 wid=4 in lookaside.
    %set/v v0x1e96e7f0_0, 8, 4;
    %ix/load 1, 8, 0;
    %mov 4, 0, 1;
    %jmp/1 T_15.32, 4;
    %load/x1p 8, v0x1ea2d190_0, 4;
    %jmp T_15.33;
T_15.32 ;
    %mov 8, 2, 4;
T_15.33 ;
; Save base=8 wid=4 in lookaside.
    %set/v v0x1ea2d5b0_0, 8, 4;
    %ix/load 1, 4, 0;
    %mov 4, 0, 1;
    %jmp/1 T_15.34, 4;
    %load/x1p 8, v0x1ea2d190_0, 4;
    %jmp T_15.35;
T_15.34 ;
    %mov 8, 2, 4;
T_15.35 ;
; Save base=8 wid=4 in lookaside.
    %set/v v0x1ea2d4c0_0, 8, 4;
    %load/v 8, v0x1ea2d190_0, 4; Only need 4 of 16 bits
; Save base=8 wid=4 in lookaside.
    %set/v v0x1ea2ce20_0, 8, 4;
    %set/v v0x1ea2cd80_0, 0, 8;
    %set/v v0x1ea2d420_0, 1, 1;
    %set/v v0x1ea2d0f0_0, 0, 1;
    %set/v v0x1ea2d320_0, 1, 1;
    %set/v v0x1ea2d280_0, 1, 1;
    %set/v v0x1ea2cec0_0, 0, 1;
    %set/v v0x1ea2d010_0, 0, 1;
    %set/v v0x1ea2cf70_0, 0, 1;
    %jmp T_15.17;
T_15.5 ;
    %ix/load 1, 12, 0;
    %mov 4, 0, 1;
    %jmp/1 T_15.36, 4;
    %load/x1p 8, v0x1ea2d190_0, 4;
    %jmp T_15.37;
T_15.36 ;
    %mov 8, 2, 4;
T_15.37 ;
; Save base=8 wid=4 in lookaside.
    %set/v v0x1e96e7f0_0, 8, 4;
    %ix/load 1, 8, 0;
    %mov 4, 0, 1;
    %jmp/1 T_15.38, 4;
    %load/x1p 8, v0x1ea2d190_0, 4;
    %jmp T_15.39;
T_15.38 ;
    %mov 8, 2, 4;
T_15.39 ;
; Save base=8 wid=4 in lookaside.
    %set/v v0x1ea2d5b0_0, 8, 4;
    %ix/load 1, 4, 0;
    %mov 4, 0, 1;
    %jmp/1 T_15.40, 4;
    %load/x1p 8, v0x1ea2d190_0, 4;
    %jmp T_15.41;
T_15.40 ;
    %mov 8, 2, 4;
T_15.41 ;
; Save base=8 wid=4 in lookaside.
    %set/v v0x1ea2d4c0_0, 8, 4;
    %load/v 8, v0x1ea2d190_0, 4; Only need 4 of 16 bits
; Save base=8 wid=4 in lookaside.
    %set/v v0x1ea2ce20_0, 8, 4;
    %set/v v0x1ea2cd80_0, 0, 8;
    %set/v v0x1ea2d420_0, 1, 1;
    %set/v v0x1ea2d0f0_0, 0, 1;
    %set/v v0x1ea2d320_0, 1, 1;
    %set/v v0x1ea2d280_0, 1, 1;
    %set/v v0x1ea2cec0_0, 0, 1;
    %set/v v0x1ea2d010_0, 0, 1;
    %set/v v0x1ea2cf70_0, 0, 1;
    %jmp T_15.17;
T_15.6 ;
    %ix/load 1, 12, 0;
    %mov 4, 0, 1;
    %jmp/1 T_15.42, 4;
    %load/x1p 8, v0x1ea2d190_0, 4;
    %jmp T_15.43;
T_15.42 ;
    %mov 8, 2, 4;
T_15.43 ;
; Save base=8 wid=4 in lookaside.
    %set/v v0x1e96e7f0_0, 8, 4;
    %ix/load 1, 8, 0;
    %mov 4, 0, 1;
    %jmp/1 T_15.44, 4;
    %load/x1p 8, v0x1ea2d190_0, 4;
    %jmp T_15.45;
T_15.44 ;
    %mov 8, 2, 4;
T_15.45 ;
; Save base=8 wid=4 in lookaside.
    %set/v v0x1ea2d5b0_0, 8, 4;
    %ix/load 1, 4, 0;
    %mov 4, 0, 1;
    %jmp/1 T_15.46, 4;
    %load/x1p 8, v0x1ea2d190_0, 4;
    %jmp T_15.47;
T_15.46 ;
    %mov 8, 2, 4;
T_15.47 ;
; Save base=8 wid=4 in lookaside.
    %set/v v0x1ea2d4c0_0, 8, 4;
    %set/v v0x1ea2ce20_0, 0, 4;
    %set/v v0x1ea2cd80_0, 0, 8;
    %set/v v0x1ea2d420_0, 0, 1;
    %set/v v0x1ea2d0f0_0, 0, 1;
    %set/v v0x1ea2d320_0, 1, 1;
    %set/v v0x1ea2d280_0, 1, 1;
    %set/v v0x1ea2cec0_0, 0, 1;
    %set/v v0x1ea2d010_0, 0, 1;
    %set/v v0x1ea2cf70_0, 0, 1;
    %jmp T_15.17;
T_15.7 ;
    %ix/load 1, 12, 0;
    %mov 4, 0, 1;
    %jmp/1 T_15.48, 4;
    %load/x1p 8, v0x1ea2d190_0, 4;
    %jmp T_15.49;
T_15.48 ;
    %mov 8, 2, 4;
T_15.49 ;
; Save base=8 wid=4 in lookaside.
    %set/v v0x1e96e7f0_0, 8, 4;
    %ix/load 1, 8, 0;
    %mov 4, 0, 1;
    %jmp/1 T_15.50, 4;
    %load/x1p 8, v0x1ea2d190_0, 4;
    %jmp T_15.51;
T_15.50 ;
    %mov 8, 2, 4;
T_15.51 ;
; Save base=8 wid=4 in lookaside.
    %set/v v0x1ea2d5b0_0, 8, 4;
    %set/v v0x1ea2d4c0_0, 0, 4;
    %ix/load 1, 8, 0;
    %mov 4, 0, 1;
    %jmp/1 T_15.52, 4;
    %load/x1p 8, v0x1ea2d190_0, 4;
    %jmp T_15.53;
T_15.52 ;
    %mov 8, 2, 4;
T_15.53 ;
; Save base=8 wid=4 in lookaside.
    %set/v v0x1ea2ce20_0, 8, 4;
    %load/v 8, v0x1ea2d190_0, 8; Only need 8 of 16 bits
; Save base=8 wid=8 in lookaside.
    %set/v v0x1ea2cd80_0, 8, 8;
    %set/v v0x1ea2d420_0, 1, 1;
    %set/v v0x1ea2d0f0_0, 0, 1;
    %set/v v0x1ea2d320_0, 1, 1;
    %set/v v0x1ea2d280_0, 0, 1;
    %set/v v0x1ea2cec0_0, 0, 1;
    %set/v v0x1ea2d010_0, 0, 1;
    %set/v v0x1ea2cf70_0, 0, 1;
    %jmp T_15.17;
T_15.8 ;
    %ix/load 1, 12, 0;
    %mov 4, 0, 1;
    %jmp/1 T_15.54, 4;
    %load/x1p 8, v0x1ea2d190_0, 4;
    %jmp T_15.55;
T_15.54 ;
    %mov 8, 2, 4;
T_15.55 ;
; Save base=8 wid=4 in lookaside.
    %set/v v0x1e96e7f0_0, 8, 4;
    %ix/load 1, 8, 0;
    %mov 4, 0, 1;
    %jmp/1 T_15.56, 4;
    %load/x1p 8, v0x1ea2d190_0, 4;
    %jmp T_15.57;
T_15.56 ;
    %mov 8, 2, 4;
T_15.57 ;
; Save base=8 wid=4 in lookaside.
    %set/v v0x1ea2d5b0_0, 8, 4;
    %set/v v0x1ea2d4c0_0, 0, 4;
    %ix/load 1, 8, 0;
    %mov 4, 0, 1;
    %jmp/1 T_15.58, 4;
    %load/x1p 8, v0x1ea2d190_0, 4;
    %jmp T_15.59;
T_15.58 ;
    %mov 8, 2, 4;
T_15.59 ;
; Save base=8 wid=4 in lookaside.
    %set/v v0x1ea2ce20_0, 8, 4;
    %load/v 8, v0x1ea2d190_0, 8; Only need 8 of 16 bits
; Save base=8 wid=8 in lookaside.
    %set/v v0x1ea2cd80_0, 8, 8;
    %set/v v0x1ea2d420_0, 1, 1;
    %set/v v0x1ea2d0f0_0, 0, 1;
    %set/v v0x1ea2d320_0, 1, 1;
    %set/v v0x1ea2d280_0, 0, 1;
    %set/v v0x1ea2cec0_0, 0, 1;
    %set/v v0x1ea2d010_0, 0, 1;
    %set/v v0x1ea2cf70_0, 0, 1;
    %jmp T_15.17;
T_15.9 ;
    %ix/load 1, 12, 0;
    %mov 4, 0, 1;
    %jmp/1 T_15.60, 4;
    %load/x1p 8, v0x1ea2d190_0, 4;
    %jmp T_15.61;
T_15.60 ;
    %mov 8, 2, 4;
T_15.61 ;
; Save base=8 wid=4 in lookaside.
    %set/v v0x1e96e7f0_0, 8, 4;
    %ix/load 1, 8, 0;
    %mov 4, 0, 1;
    %jmp/1 T_15.62, 4;
    %load/x1p 8, v0x1ea2d190_0, 4;
    %jmp T_15.63;
T_15.62 ;
    %mov 8, 2, 4;
T_15.63 ;
; Save base=8 wid=4 in lookaside.
    %set/v v0x1ea2d5b0_0, 8, 4;
    %set/v v0x1ea2d4c0_0, 0, 4;
    %set/v v0x1ea2ce20_0, 0, 4;
    %load/v 8, v0x1ea2d190_0, 8; Only need 8 of 16 bits
; Save base=8 wid=8 in lookaside.
    %set/v v0x1ea2cd80_0, 8, 8;
    %set/v v0x1ea2d420_0, 0, 1;
    %set/v v0x1ea2d0f0_0, 0, 1;
    %set/v v0x1ea2d320_0, 1, 1;
    %set/v v0x1ea2d280_0, 0, 1;
    %set/v v0x1ea2cec0_0, 0, 1;
    %set/v v0x1ea2d010_0, 0, 1;
    %set/v v0x1ea2cf70_0, 0, 1;
    %jmp T_15.17;
T_15.10 ;
    %ix/load 1, 12, 0;
    %mov 4, 0, 1;
    %jmp/1 T_15.64, 4;
    %load/x1p 8, v0x1ea2d190_0, 4;
    %jmp T_15.65;
T_15.64 ;
    %mov 8, 2, 4;
T_15.65 ;
; Save base=8 wid=4 in lookaside.
    %set/v v0x1e96e7f0_0, 8, 4;
    %ix/load 1, 8, 0;
    %mov 4, 0, 1;
    %jmp/1 T_15.66, 4;
    %load/x1p 8, v0x1ea2d190_0, 4;
    %jmp T_15.67;
T_15.66 ;
    %mov 8, 2, 4;
T_15.67 ;
; Save base=8 wid=4 in lookaside.
    %set/v v0x1ea2d5b0_0, 8, 4;
    %set/v v0x1ea2d4c0_0, 0, 4;
    %load/v 8, v0x1ea2d190_0, 4; Only need 4 of 16 bits
; Save base=8 wid=4 in lookaside.
    %set/v v0x1ea2ce20_0, 8, 4;
    %ix/load 1, 4, 0;
    %mov 4, 0, 1;
    %jmp/1 T_15.68, 4;
    %load/x1p 16, v0x1ea2d190_0, 4;
    %jmp T_15.69;
T_15.68 ;
    %mov 16, 2, 4;
T_15.69 ;
    %mov 8, 16, 4; Move signal select into place
    %mov 12, 0, 4;
    %set/v v0x1ea2cd80_0, 8, 8;
    %set/v v0x1ea2d420_0, 1, 1;
    %set/v v0x1ea2d0f0_0, 0, 1;
    %set/v v0x1ea2d320_0, 1, 1;
    %set/v v0x1ea2d280_0, 0, 1;
    %set/v v0x1ea2cec0_0, 0, 1;
    %set/v v0x1ea2d010_0, 1, 1;
    %set/v v0x1ea2cf70_0, 0, 1;
    %jmp T_15.17;
T_15.11 ;
    %ix/load 1, 12, 0;
    %mov 4, 0, 1;
    %jmp/1 T_15.70, 4;
    %load/x1p 8, v0x1ea2d190_0, 4;
    %jmp T_15.71;
T_15.70 ;
    %mov 8, 2, 4;
T_15.71 ;
; Save base=8 wid=4 in lookaside.
    %set/v v0x1e96e7f0_0, 8, 4;
    %ix/load 1, 8, 0;
    %mov 4, 0, 1;
    %jmp/1 T_15.72, 4;
    %load/x1p 8, v0x1ea2d190_0, 4;
    %jmp T_15.73;
T_15.72 ;
    %mov 8, 2, 4;
T_15.73 ;
; Save base=8 wid=4 in lookaside.
    %set/v v0x1ea2d5b0_0, 8, 4;
    %ix/load 1, 4, 0;
    %mov 4, 0, 1;
    %jmp/1 T_15.74, 4;
    %load/x1p 8, v0x1ea2d190_0, 4;
    %jmp T_15.75;
T_15.74 ;
    %mov 8, 2, 4;
T_15.75 ;
; Save base=8 wid=4 in lookaside.
    %set/v v0x1ea2d4c0_0, 8, 4;
    %set/v v0x1ea2ce20_0, 0, 4;
    %load/v 8, v0x1ea2d190_0, 4; Select 4 out of 16 bits
    %mov 12, 0, 4;
    %set/v v0x1ea2cd80_0, 8, 8;
    %set/v v0x1ea2d420_0, 0, 1;
    %set/v v0x1ea2d0f0_0, 1, 1;
    %set/v v0x1ea2d320_0, 1, 1;
    %set/v v0x1ea2d280_0, 0, 1;
    %set/v v0x1ea2cec0_0, 0, 1;
    %set/v v0x1ea2d010_0, 0, 1;
    %set/v v0x1ea2cf70_0, 0, 1;
    %jmp T_15.17;
T_15.12 ;
    %ix/load 1, 12, 0;
    %mov 4, 0, 1;
    %jmp/1 T_15.76, 4;
    %load/x1p 8, v0x1ea2d190_0, 4;
    %jmp T_15.77;
T_15.76 ;
    %mov 8, 2, 4;
T_15.77 ;
; Save base=8 wid=4 in lookaside.
    %set/v v0x1e96e7f0_0, 8, 4;
    %set/v v0x1ea2d5b0_0, 0, 4;
    %set/v v0x1ea2d4c0_0, 0, 4;
    %load/v 8, v0x1ea2d190_0, 4; Only need 4 of 16 bits
; Save base=8 wid=4 in lookaside.
    %set/v v0x1ea2ce20_0, 8, 4;
    %ix/load 1, 4, 0;
    %mov 4, 0, 1;
    %jmp/1 T_15.78, 4;
    %load/x1p 8, v0x1ea2d190_0, 8;
    %jmp T_15.79;
T_15.78 ;
    %mov 8, 2, 8;
T_15.79 ;
; Save base=8 wid=8 in lookaside.
    %set/v v0x1ea2cd80_0, 8, 8;
    %set/v v0x1ea2d420_0, 1, 1;
    %set/v v0x1ea2d0f0_0, 0, 1;
    %set/v v0x1ea2d320_0, 0, 1;
    %set/v v0x1ea2d280_0, 0, 1;
    %set/v v0x1ea2cec0_0, 1, 1;
    %set/v v0x1ea2d010_0, 0, 1;
    %set/v v0x1ea2cf70_0, 1, 1;
    %jmp T_15.17;
T_15.13 ;
    %ix/load 1, 12, 0;
    %mov 4, 0, 1;
    %jmp/1 T_15.80, 4;
    %load/x1p 8, v0x1ea2d190_0, 4;
    %jmp T_15.81;
T_15.80 ;
    %mov 8, 2, 4;
T_15.81 ;
; Save base=8 wid=4 in lookaside.
    %set/v v0x1e96e7f0_0, 8, 4;
    %ix/load 1, 8, 0;
    %mov 4, 0, 1;
    %jmp/1 T_15.82, 4;
    %load/x1p 8, v0x1ea2d190_0, 4;
    %jmp T_15.83;
T_15.82 ;
    %mov 8, 2, 4;
T_15.83 ;
; Save base=8 wid=4 in lookaside.
    %set/v v0x1ea2d5b0_0, 8, 4;
    %set/v v0x1ea2d4c0_0, 0, 4;
    %load/v 8, v0x1ea2d190_0, 4; Only need 4 of 16 bits
; Save base=8 wid=4 in lookaside.
    %set/v v0x1ea2ce20_0, 8, 4;
    %ix/load 1, 4, 0;
    %mov 4, 0, 1;
    %jmp/1 T_15.84, 4;
    %load/x1p 16, v0x1ea2d190_0, 4;
    %jmp T_15.85;
T_15.84 ;
    %mov 16, 2, 4;
T_15.85 ;
    %mov 8, 16, 4; Move signal select into place
    %mov 12, 0, 4;
    %set/v v0x1ea2cd80_0, 8, 8;
    %set/v v0x1ea2d420_0, 1, 1;
    %set/v v0x1ea2d0f0_0, 0, 1;
    %set/v v0x1ea2d320_0, 1, 1;
    %set/v v0x1ea2d280_0, 0, 1;
    %set/v v0x1ea2cec0_0, 1, 1;
    %set/v v0x1ea2d010_0, 0, 1;
    %set/v v0x1ea2cf70_0, 1, 1;
    %jmp T_15.17;
T_15.14 ;
    %ix/load 1, 12, 0;
    %mov 4, 0, 1;
    %jmp/1 T_15.86, 4;
    %load/x1p 8, v0x1ea2d190_0, 4;
    %jmp T_15.87;
T_15.86 ;
    %mov 8, 2, 4;
T_15.87 ;
; Save base=8 wid=4 in lookaside.
    %set/v v0x1e96e7f0_0, 8, 4;
    %set/v v0x1ea2d5b0_0, 0, 4;
    %set/v v0x1ea2d4c0_0, 0, 4;
    %load/v 8, v0x1ea2d190_0, 4; Only need 4 of 16 bits
; Save base=8 wid=4 in lookaside.
    %set/v v0x1ea2ce20_0, 8, 4;
    %ix/load 1, 4, 0;
    %mov 4, 0, 1;
    %jmp/1 T_15.88, 4;
    %load/x1p 8, v0x1ea2d190_0, 8;
    %jmp T_15.89;
T_15.88 ;
    %mov 8, 2, 8;
T_15.89 ;
; Save base=8 wid=8 in lookaside.
    %set/v v0x1ea2cd80_0, 8, 8;
    %set/v v0x1ea2d420_0, 1, 1;
    %set/v v0x1ea2d0f0_0, 0, 1;
    %set/v v0x1ea2d320_0, 0, 1;
    %set/v v0x1ea2d280_0, 0, 1;
    %load/v 8, v0x1ea2d630_0, 1;
    %set/v v0x1ea2cec0_0, 8, 1;
    %set/v v0x1ea2d010_0, 0, 1;
    %load/v 8, v0x1ea2d630_0, 1;
    %set/v v0x1ea2cf70_0, 8, 1;
    %jmp T_15.17;
T_15.15 ;
    %ix/load 1, 12, 0;
    %mov 4, 0, 1;
    %jmp/1 T_15.90, 4;
    %load/x1p 8, v0x1ea2d190_0, 4;
    %jmp T_15.91;
T_15.90 ;
    %mov 8, 2, 4;
T_15.91 ;
; Save base=8 wid=4 in lookaside.
    %set/v v0x1e96e7f0_0, 8, 4;
    %set/v v0x1ea2d5b0_0, 0, 4;
    %set/v v0x1ea2d4c0_0, 0, 4;
    %load/v 8, v0x1ea2d190_0, 4; Only need 4 of 16 bits
; Save base=8 wid=4 in lookaside.
    %set/v v0x1ea2ce20_0, 8, 4;
    %ix/load 1, 4, 0;
    %mov 4, 0, 1;
    %jmp/1 T_15.92, 4;
    %load/x1p 8, v0x1ea2d190_0, 8;
    %jmp T_15.93;
T_15.92 ;
    %mov 8, 2, 8;
T_15.93 ;
; Save base=8 wid=8 in lookaside.
    %set/v v0x1ea2cd80_0, 8, 8;
    %set/v v0x1ea2d420_0, 1, 1;
    %set/v v0x1ea2d0f0_0, 0, 1;
    %set/v v0x1ea2d320_0, 1, 1;
    %set/v v0x1ea2d280_0, 0, 1;
    %set/v v0x1ea2cec0_0, 0, 1;
    %set/v v0x1ea2d010_0, 0, 1;
    %set/v v0x1ea2cf70_0, 0, 1;
    %jmp T_15.17;
T_15.17 ;
    %jmp T_15;
    .thread T_15, $push;
    .scope S_0x1e9a7170;
T_16 ;
    %delay 5, 0;
    %load/v 8, v0x1ea39610_0, 1;
    %inv 8, 1;
    %set/v v0x1ea39610_0, 8, 1;
    %jmp T_16;
    .thread T_16;
    .scope S_0x1e9a7170;
T_17 ;
    %vpi_call 2 21 "$dumpfile", "top_test.vcd";
    %vpi_call 2 22 "$dumpvars", 1'sb0, S_0x1e9d25d0;
    %vpi_call 2 23 "$dumplimit", 31'sb0111011100110101100101000000000;
    %vpi_call 2 24 "$monitor", $stime, "clk:%d rst:%b pb:%b led:%b", v0x1ea39610_0, v0x1ea39830_0, v0x1ea39760_0, v0x1ea39690_0;
    %ix/load 0, 1, 0;
    %assign/v0 v0x1ea39830_0, 0, 0;
    %ix/load 0, 1, 0;
    %assign/v0 v0x1ea39610_0, 0, 0;
    %ix/load 0, 5, 0;
    %assign/v0 v0x1ea39760_0, 0, 0;
    %delay 150, 0;
    %ix/load 0, 1, 0;
    %assign/v0 v0x1ea39830_0, 0, 1;
    %delay 100000, 0;
    %vpi_call 2 31 "$finish";
    %end;
    .thread T_17;
# The file index is used to find the file name in the following table.
:file_names 16;
    "N/A";
    "<interactive>";
    "test.v";
    "top.v";
    "sel.v";
    "adec.v";
    "register.v";
    "alu.v";
    "./def.h";
    "memory.v";
    "pb.v";
    "led.v";
    "pc.v";
    "imem.v";
    "zf.v";
    "decorder.v";
